{"/home/travis/build/npmtest/node-npmtest-express-form/test.js":{"path":"/home/travis/build/npmtest/node-npmtest-express-form/test.js","s":{"1":2,"2":2,"3":2,"4":2,"5":2,"6":2,"7":2,"8":1,"9":2,"10":2,"11":1,"12":1,"13":1,"14":1,"15":2,"16":2,"17":2,"18":2,"19":1,"20":1,"21":2,"22":2,"23":2,"24":1,"25":1,"26":1,"27":1,"28":1,"29":1,"30":1,"31":1,"32":1,"33":1,"34":1,"35":1,"36":1,"37":1,"38":1,"39":2,"40":2,"41":1,"42":2,"43":2,"44":1,"45":2,"46":2,"47":1,"48":2,"49":2,"50":1,"51":1,"52":1,"53":1,"54":1},"b":{"1":[2,1,1,1],"2":[1,1,1,1],"3":[1,1],"4":[1,1],"5":[1,1],"6":[1,1],"7":[1,1],"8":[1,1],"9":[1,1],"10":[1,1,1],"11":[1,1],"12":[1,1],"13":[1,1],"14":[1,1],"15":[1,1],"16":[1,1],"17":[1,1]},"f":{"1":2,"2":2,"3":2,"4":2,"5":2,"6":1,"7":1,"8":1,"9":2,"10":2,"11":2,"12":2,"13":1},"fnMap":{"1":{"name":"(anonymous_1)","line":12,"loc":{"start":{"line":12,"column":1},"end":{"line":12,"column":13}}},"2":{"name":"(anonymous_2)","line":19,"loc":{"start":{"line":19,"column":5},"end":{"line":19,"column":17}}},"3":{"name":"(anonymous_3)","line":23,"loc":{"start":{"line":23,"column":24},"end":{"line":23,"column":36}}},"4":{"name":"(anonymous_4)","line":61,"loc":{"start":{"line":61,"column":5},"end":{"line":61,"column":17}}},"5":{"name":"(anonymous_5)","line":82,"loc":{"start":{"line":82,"column":5},"end":{"line":82,"column":17}}},"6":{"name":"(anonymous_6)","line":91,"loc":{"start":{"line":91,"column":77},"end":{"line":94,"column":10}}},"7":{"name":"(anonymous_7)","line":112,"loc":{"start":{"line":112,"column":83},"end":{"line":115,"column":10}},"skip":true},"8":{"name":"(anonymous_8)","line":123,"loc":{"start":{"line":123,"column":77},"end":{"line":126,"column":10}},"skip":true},"9":{"name":"(anonymous_9)","line":139,"loc":{"start":{"line":139,"column":12},"end":{"line":139,"column":40}},"skip":true},"10":{"name":"(anonymous_10)","line":147,"loc":{"start":{"line":147,"column":77},"end":{"line":150,"column":10}},"skip":true},"11":{"name":"(anonymous_11)","line":158,"loc":{"start":{"line":158,"column":83},"end":{"line":161,"column":10}},"skip":true},"12":{"name":"(anonymous_12)","line":169,"loc":{"start":{"line":169,"column":79},"end":{"line":172,"column":10}},"skip":true},"13":{"name":"(anonymous_13)","line":180,"loc":{"start":{"line":180,"column":75},"end":{"line":183,"column":10}},"skip":true}},"statementMap":{"1":{"start":{"line":12,"column":0},"end":{"line":195,"column":5}},"2":{"start":{"line":14,"column":4},"end":{"line":14,"column":14}},"3":{"start":{"line":19,"column":4},"end":{"line":56,"column":9}},"4":{"start":{"line":21,"column":8},"end":{"line":21,"column":19}},"5":{"start":{"line":23,"column":8},"end":{"line":35,"column":13}},"6":{"start":{"line":24,"column":12},"end":{"line":34,"column":13}},"7":{"start":{"line":25,"column":16},"end":{"line":28,"column":30}},"8":{"start":{"line":30,"column":16},"end":{"line":33,"column":27}},"9":{"start":{"line":37,"column":8},"end":{"line":39,"column":21}},"10":{"start":{"line":40,"column":8},"end":{"line":53,"column":9}},"11":{"start":{"line":43,"column":12},"end":{"line":46,"column":14}},"12":{"start":{"line":47,"column":12},"end":{"line":47,"column":18}},"13":{"start":{"line":50,"column":12},"end":{"line":51,"column":33}},"14":{"start":{"line":52,"column":12},"end":{"line":52,"column":18}},"15":{"start":{"line":55,"column":8},"end":{"line":55,"column":35}},"16":{"start":{"line":61,"column":4},"end":{"line":63,"column":9}},"17":{"start":{"line":62,"column":8},"end":{"line":62,"column":15}},"18":{"start":{"line":64,"column":4},"end":{"line":77,"column":5}},"19":{"start":{"line":70,"column":8},"end":{"line":70,"column":14}},"20":{"start":{"line":76,"column":8},"end":{"line":76,"column":14}},"21":{"start":{"line":82,"column":4},"end":{"line":84,"column":9}},"22":{"start":{"line":83,"column":8},"end":{"line":83,"column":15}},"23":{"start":{"line":85,"column":4},"end":{"line":194,"column":5}},"24":{"start":{"line":91,"column":8},"end":{"line":99,"column":10}},"25":{"start":{"line":98,"column":12},"end":{"line":98,"column":35}},"26":{"start":{"line":102,"column":8},"end":{"line":104,"column":63}},"27":{"start":{"line":105,"column":8},"end":{"line":105,"column":14}},"28":{"start":{"line":112,"column":8},"end":{"line":121,"column":10},"skip":true},"29":{"start":{"line":119,"column":12},"end":{"line":119,"column":55},"skip":true},"30":{"start":{"line":120,"column":12},"end":{"line":120,"column":48},"skip":true},"31":{"start":{"line":123,"column":8},"end":{"line":136,"column":10},"skip":true},"32":{"start":{"line":130,"column":12},"end":{"line":130,"column":76},"skip":true},"33":{"start":{"line":131,"column":12},"end":{"line":131,"column":73},"skip":true},"34":{"start":{"line":132,"column":12},"end":{"line":132,"column":74},"skip":true},"35":{"start":{"line":133,"column":12},"end":{"line":133,"column":79},"skip":true},"36":{"start":{"line":134,"column":12},"end":{"line":134,"column":25},"skip":true},"37":{"start":{"line":135,"column":12},"end":{"line":135,"column":45},"skip":true},"38":{"start":{"line":138,"column":8},"end":{"line":145,"column":14},"skip":true},"39":{"start":{"line":143,"column":16},"end":{"line":143,"column":29},"skip":true},"40":{"start":{"line":144,"column":16},"end":{"line":144,"column":55},"skip":true},"41":{"start":{"line":147,"column":8},"end":{"line":156,"column":10},"skip":true},"42":{"start":{"line":154,"column":12},"end":{"line":154,"column":25},"skip":true},"43":{"start":{"line":155,"column":12},"end":{"line":155,"column":45},"skip":true},"44":{"start":{"line":158,"column":8},"end":{"line":167,"column":10},"skip":true},"45":{"start":{"line":165,"column":12},"end":{"line":165,"column":25},"skip":true},"46":{"start":{"line":166,"column":12},"end":{"line":166,"column":48},"skip":true},"47":{"start":{"line":169,"column":8},"end":{"line":178,"column":10},"skip":true},"48":{"start":{"line":176,"column":12},"end":{"line":176,"column":25},"skip":true},"49":{"start":{"line":177,"column":12},"end":{"line":177,"column":46},"skip":true},"50":{"start":{"line":180,"column":8},"end":{"line":189,"column":10},"skip":true},"51":{"start":{"line":187,"column":12},"end":{"line":187,"column":94},"skip":true},"52":{"start":{"line":188,"column":12},"end":{"line":188,"column":48},"skip":true},"53":{"start":{"line":192,"column":8},"end":{"line":192,"column":35},"skip":true},"54":{"start":{"line":193,"column":8},"end":{"line":193,"column":14},"skip":true}},"branchMap":{"1":{"line":25,"type":"binary-expr","locations":[{"start":{"line":25,"column":23},"end":{"line":25,"column":62}},{"start":{"line":26,"column":20},"end":{"line":26,"column":70}},{"start":{"line":27,"column":20},"end":{"line":27,"column":71}},{"start":{"line":28,"column":20},"end":{"line":28,"column":29}}]},"2":{"line":30,"type":"binary-expr","locations":[{"start":{"line":30,"column":23},"end":{"line":30,"column":37}},{"start":{"line":31,"column":20},"end":{"line":31,"column":61}},{"start":{"line":32,"column":20},"end":{"line":32,"column":70}},{"start":{"line":33,"column":20},"end":{"line":33,"column":26}}]},"3":{"line":37,"type":"cond-expr","locations":[{"start":{"line":38,"column":14},"end":{"line":38,"column":20}},{"start":{"line":39,"column":14},"end":{"line":39,"column":20}}]},"4":{"line":40,"type":"switch","locations":[{"start":{"line":42,"column":8},"end":{"line":47,"column":18}},{"start":{"line":49,"column":8},"end":{"line":52,"column":18}}]},"5":{"line":44,"type":"binary-expr","locations":[{"start":{"line":44,"column":16},"end":{"line":44,"column":44}},{"start":{"line":44,"column":48},"end":{"line":44,"column":66}}]},"6":{"line":50,"type":"binary-expr","locations":[{"start":{"line":50,"column":21},"end":{"line":50,"column":49}},{"start":{"line":50,"column":53},"end":{"line":50,"column":72}}]},"7":{"line":64,"type":"switch","locations":[{"start":{"line":69,"column":4},"end":{"line":70,"column":14}},{"start":{"line":75,"column":4},"end":{"line":76,"column":14}}]},"8":{"line":85,"type":"switch","locations":[{"start":{"line":90,"column":4},"end":{"line":105,"column":14}},{"start":{"line":111,"column":4},"end":{"line":193,"column":14},"skip":true}]},"9":{"line":91,"type":"binary-expr","locations":[{"start":{"line":91,"column":42},"end":{"line":91,"column":73}},{"start":{"line":91,"column":77},"end":{"line":99,"column":9}}]},"10":{"line":102,"type":"binary-expr","locations":[{"start":{"line":102,"column":18},"end":{"line":102,"column":32}},{"start":{"line":103,"column":12},"end":{"line":103,"column":53}},{"start":{"line":104,"column":12},"end":{"line":104,"column":61}}]},"11":{"line":112,"type":"binary-expr","locations":[{"start":{"line":112,"column":45},"end":{"line":112,"column":79},"skip":true},{"start":{"line":112,"column":83},"end":{"line":121,"column":9},"skip":true}]},"12":{"line":123,"type":"binary-expr","locations":[{"start":{"line":123,"column":42},"end":{"line":123,"column":73},"skip":true},{"start":{"line":123,"column":77},"end":{"line":136,"column":9},"skip":true}]},"13":{"line":138,"type":"binary-expr","locations":[{"start":{"line":138,"column":48},"end":{"line":138,"column":85},"skip":true},{"start":{"line":139,"column":12},"end":{"line":145,"column":13},"skip":true}]},"14":{"line":147,"type":"binary-expr","locations":[{"start":{"line":147,"column":42},"end":{"line":147,"column":73},"skip":true},{"start":{"line":147,"column":77},"end":{"line":156,"column":9},"skip":true}]},"15":{"line":158,"type":"binary-expr","locations":[{"start":{"line":158,"column":45},"end":{"line":158,"column":79},"skip":true},{"start":{"line":158,"column":83},"end":{"line":167,"column":9},"skip":true}]},"16":{"line":169,"type":"binary-expr","locations":[{"start":{"line":169,"column":43},"end":{"line":169,"column":75},"skip":true},{"start":{"line":169,"column":79},"end":{"line":178,"column":9},"skip":true}]},"17":{"line":180,"type":"binary-expr","locations":[{"start":{"line":180,"column":41},"end":{"line":180,"column":71},"skip":true},{"start":{"line":180,"column":75},"end":{"line":189,"column":9},"skip":true}]}},"code":["/* istanbul instrument in package npmtest_express_form */","/*jslint","    bitwise: true,","    browser: true,","    maxerr: 8,","    maxlen: 96,","    node: true,","    nomen: true,","    regexp: true,","    stupid: true","*/","(function () {","    'use strict';","    var local;","","","","    // run shared js-env code - init-before","    (function () {","        // init local","        local = {};","        // init modeJs","        local.modeJs = (function () {","            try {","                return typeof navigator.userAgent === 'string' &&","                    typeof document.querySelector('body') === 'object' &&","                    typeof XMLHttpRequest.prototype.open === 'function' &&","                    'browser';","            } catch (errorCaughtBrowser) {","                return module.exports &&","                    typeof process.versions.node === 'string' &&","                    typeof require('http').createServer === 'function' &&","                    'node';","            }","        }());","        // init global","        local.global = local.modeJs === 'browser'","            ? window","            : global;","        switch (local.modeJs) {","        // re-init local from window.local","        case 'browser':","            local = local.global.utility2.objectSetDefault(","                local.global.utility2_rollup || local.global.local,","                local.global.utility2","            );","            break;","        // re-init local from example.js","        case 'node':","            local = (local.global.utility2_rollup || require('utility2'))","                .requireReadme();","            break;","        }","        // export local","        local.global.local = local;","    }());","","","","    // run shared js-env code - function","    (function () {","        return;","    }());","    switch (local.modeJs) {","","","","    // run browser js-env code - function","    case 'browser':","        break;","","","","    // run node js-env code - function","    case 'node':","        break;","    }","","","","    // run shared js-env code - init-after","    (function () {","        return;","    }());","    switch (local.modeJs) {","","","","    // run browser js-env code - init-after","    case 'browser':","        local.testCase_browser_nullCase = local.testCase_browser_nullCase || function (","            options,","            onError","        ) {","        /*","         * this function will test browsers's null-case handling-behavior-behavior","         */","            onError(null, options);","        };","","        // run tests","        local.nop(local.modeTest &&","            document.querySelector('#testRunButton1') &&","            document.querySelector('#testRunButton1').click());","        break;","","","","    // run node js-env code - init-after","    /* istanbul ignore next */","    case 'node':","        local.testCase_buildApidoc_default = local.testCase_buildApidoc_default || function (","            options,","            onError","        ) {","        /*","         * this function will test buildApidoc's default handling-behavior-behavior","         */","            options = { modulePathList: module.paths };","            local.buildApidoc(options, onError);","        };","","        local.testCase_buildApp_default = local.testCase_buildApp_default || function (","            options,","            onError","        ) {","        /*","         * this function will test buildApp's default handling-behavior-behavior","         */","            local.testCase_buildReadme_default(options, local.onErrorThrow);","            local.testCase_buildLib_default(options, local.onErrorThrow);","            local.testCase_buildTest_default(options, local.onErrorThrow);","            local.testCase_buildCustomOrg_default(options, local.onErrorThrow);","            options = [];","            local.buildApp(options, onError);","        };","","        local.testCase_buildCustomOrg_default = local.testCase_buildCustomOrg_default ||","            function (options, onError) {","            /*","             * this function will test buildCustomOrg's default handling-behavior","             */","                options = {};","                local.buildCustomOrg(options, onError);","            };","","        local.testCase_buildLib_default = local.testCase_buildLib_default || function (","            options,","            onError","        ) {","        /*","         * this function will test buildLib's default handling-behavior","         */","            options = {};","            local.buildLib(options, onError);","        };","","        local.testCase_buildReadme_default = local.testCase_buildReadme_default || function (","            options,","            onError","        ) {","        /*","         * this function will test buildReadme's default handling-behavior-behavior","         */","            options = {};","            local.buildReadme(options, onError);","        };","","        local.testCase_buildTest_default = local.testCase_buildTest_default || function (","            options,","            onError","        ) {","        /*","         * this function will test buildTest's default handling-behavior","         */","            options = {};","            local.buildTest(options, onError);","        };","","        local.testCase_webpage_default = local.testCase_webpage_default || function (","            options,","            onError","        ) {","        /*","         * this function will test webpage's default handling-behavior","         */","            options = { modeCoverageMerge: true, url: local.serverLocalHost + '?modeTest=1' };","            local.browserTest(options, onError);","        };","","        // run test-server","        local.testRunServer(local);","        break;","    }","}());",""],"l":{"12":2,"14":2,"19":2,"21":2,"23":2,"24":2,"25":2,"30":1,"37":2,"40":2,"43":1,"47":1,"50":1,"52":1,"55":2,"61":2,"62":2,"64":2,"70":1,"76":1,"82":2,"83":2,"85":2,"91":1,"98":1,"102":1,"105":1,"112":1,"119":1,"120":1,"123":1,"130":1,"131":1,"132":1,"133":1,"134":1,"135":1,"138":1,"143":2,"144":2,"147":1,"154":2,"155":2,"158":1,"165":2,"166":2,"169":1,"176":2,"177":2,"180":1,"187":1,"188":1,"192":1,"193":1}},"/home/travis/build/npmtest/node-npmtest-express-form/lib.npmtest_express_form.js":{"path":"/home/travis/build/npmtest/node-npmtest-express-form/lib.npmtest_express_form.js","s":{"1":2,"2":2,"3":2,"4":2,"5":2,"6":2,"7":2,"8":1,"9":2,"10":2,"11":2,"12":2,"13":1,"14":1,"15":1,"16":1},"b":{"1":[2,1,1,1],"2":[1,1,1,1],"3":[1,1],"4":[2,2],"5":[1,1]},"f":{"1":2,"2":2,"3":2},"fnMap":{"1":{"name":"(anonymous_1)","line":12,"loc":{"start":{"line":12,"column":1},"end":{"line":12,"column":13}}},"2":{"name":"(anonymous_2)","line":19,"loc":{"start":{"line":19,"column":5},"end":{"line":19,"column":17}}},"3":{"name":"(anonymous_3)","line":23,"loc":{"start":{"line":23,"column":24},"end":{"line":23,"column":36}}}},"statementMap":{"1":{"start":{"line":12,"column":0},"end":{"line":53,"column":5}},"2":{"start":{"line":14,"column":4},"end":{"line":14,"column":14}},"3":{"start":{"line":19,"column":4},"end":{"line":52,"column":9}},"4":{"start":{"line":21,"column":8},"end":{"line":21,"column":19}},"5":{"start":{"line":23,"column":8},"end":{"line":35,"column":13}},"6":{"start":{"line":24,"column":12},"end":{"line":34,"column":13}},"7":{"start":{"line":25,"column":16},"end":{"line":28,"column":30}},"8":{"start":{"line":30,"column":16},"end":{"line":33,"column":27}},"9":{"start":{"line":37,"column":8},"end":{"line":39,"column":21}},"10":{"start":{"line":41,"column":8},"end":{"line":41,"column":54}},"11":{"start":{"line":43,"column":8},"end":{"line":43,"column":57}},"12":{"start":{"line":45,"column":8},"end":{"line":51,"column":9}},"13":{"start":{"line":46,"column":12},"end":{"line":46,"column":63}},"14":{"start":{"line":48,"column":12},"end":{"line":48,"column":35}},"15":{"start":{"line":49,"column":12},"end":{"line":49,"column":49}},"16":{"start":{"line":50,"column":12},"end":{"line":50,"column":43}}},"branchMap":{"1":{"line":25,"type":"binary-expr","locations":[{"start":{"line":25,"column":23},"end":{"line":25,"column":62}},{"start":{"line":26,"column":20},"end":{"line":26,"column":70}},{"start":{"line":27,"column":20},"end":{"line":27,"column":71}},{"start":{"line":28,"column":20},"end":{"line":28,"column":29}}]},"2":{"line":30,"type":"binary-expr","locations":[{"start":{"line":30,"column":23},"end":{"line":30,"column":37}},{"start":{"line":31,"column":20},"end":{"line":31,"column":61}},{"start":{"line":32,"column":20},"end":{"line":32,"column":70}},{"start":{"line":33,"column":20},"end":{"line":33,"column":26}}]},"3":{"line":37,"type":"cond-expr","locations":[{"start":{"line":38,"column":14},"end":{"line":38,"column":20}},{"start":{"line":39,"column":14},"end":{"line":39,"column":20}}]},"4":{"line":41,"type":"binary-expr","locations":[{"start":{"line":41,"column":16},"end":{"line":41,"column":44}},{"start":{"line":41,"column":48},"end":{"line":41,"column":53}}]},"5":{"line":45,"type":"if","locations":[{"start":{"line":45,"column":8},"end":{"line":45,"column":8}},{"start":{"line":45,"column":8},"end":{"line":45,"column":8}}]}},"code":["/* istanbul instrument in package npmtest_express_form */","/*jslint","    bitwise: true,","    browser: true,","    maxerr: 8,","    maxlen: 96,","    node: true,","    nomen: true,","    regexp: true,","    stupid: true","*/","(function () {","    'use strict';","    var local;","","","","    // run shared js-env code - init-before","    (function () {","        // init local","        local = {};","        // init modeJs","        local.modeJs = (function () {","            try {","                return typeof navigator.userAgent === 'string' &&","                    typeof document.querySelector('body') === 'object' &&","                    typeof XMLHttpRequest.prototype.open === 'function' &&","                    'browser';","            } catch (errorCaughtBrowser) {","                return module.exports &&","                    typeof process.versions.node === 'string' &&","                    typeof require('http').createServer === 'function' &&","                    'node';","            }","        }());","        // init global","        local.global = local.modeJs === 'browser'","            ? window","            : global;","        // init utility2_rollup","        local = local.global.utility2_rollup || local;","        // init lib","        local.local = local.npmtest_express_form = local;","        // init exports","        if (local.modeJs === 'browser') {","            local.global.utility2_npmtest_express_form = local;","        } else {","            module.exports = local;","            module.exports.__dirname = __dirname;","            module.exports.module = module;","        }","    }());","}());",""],"l":{"12":2,"14":2,"19":2,"21":2,"23":2,"24":2,"25":2,"30":1,"37":2,"41":2,"43":2,"45":2,"46":1,"48":1,"49":1,"50":1}},"/home/travis/build/npmtest/node-npmtest-express-form/example.js":{"path":"/home/travis/build/npmtest/node-npmtest-express-form/example.js","s":{"1":2,"2":2,"3":2,"4":2,"5":2,"6":2,"7":2,"8":1,"9":2,"10":2,"11":2,"12":2,"13":1,"14":2,"15":2,"16":2,"17":2,"18":2,"19":0,"20":2,"21":1,"22":1,"23":1,"24":1,"25":1,"26":0,"27":0,"28":1,"29":1,"30":2,"31":0,"32":0,"33":0,"34":1,"35":2,"36":2,"37":3,"38":3,"39":3,"40":3,"41":0,"42":3,"43":3,"44":3,"45":1,"46":3,"47":1,"48":1,"49":1,"50":1,"51":1,"52":1,"53":1,"54":1,"55":1,"56":1,"57":0,"58":1,"59":6,"60":6,"61":1,"62":2,"63":0,"64":2,"65":1,"66":1,"67":0,"68":0,"69":0,"70":0,"71":0,"72":0,"73":0,"74":0,"75":0,"76":0,"77":0,"78":0,"79":0,"80":0,"81":0,"82":0,"83":0},"b":{"1":[2,1,1,1],"2":[1,1,1,1],"3":[1,1],"4":[2,2],"5":[1,1],"6":[1,1],"7":[2,0],"8":[2,1,1,1,1,1],"9":[0,2,0],"10":[1,1],"11":[2,1,1],"12":[1,0],"13":[0,2],"14":[2,0,0,0,0,0,0],"15":[0,3],"16":[3,0],"17":[1,1],"18":[0,1],"19":[1,2,0,2],"20":[1,0],"21":[1,1],"22":[0,0],"23":[0,0],"24":[0,0],"25":[0,0],"26":[0,0],"27":[0,0],"28":[0,0]},"f":{"1":2,"2":2,"3":2,"4":2,"5":2,"6":2,"7":3,"8":3,"9":3,"10":1,"11":6,"12":0},"fnMap":{"1":{"name":"(anonymous_1)","line":26,"loc":{"start":{"line":26,"column":1},"end":{"line":26,"column":13}}},"2":{"name":"(anonymous_2)","line":33,"loc":{"start":{"line":33,"column":5},"end":{"line":33,"column":17}}},"3":{"name":"(anonymous_3)","line":37,"loc":{"start":{"line":37,"column":24},"end":{"line":37,"column":36}}},"4":{"name":"(anonymous_4)","line":69,"loc":{"start":{"line":69,"column":31},"end":{"line":69,"column":48}},"skip":true},"5":{"name":"(anonymous_5)","line":78,"loc":{"start":{"line":78,"column":26},"end":{"line":78,"column":45}},"skip":true},"6":{"name":"(anonymous_6)","line":123,"loc":{"start":{"line":123,"column":33},"end":{"line":123,"column":48}},"skip":true},"7":{"name":"(anonymous_7)","line":125,"loc":{"start":{"line":125,"column":27},"end":{"line":125,"column":39}},"skip":true},"8":{"name":"(anonymous_8)","line":133,"loc":{"start":{"line":133,"column":59},"end":{"line":133,"column":74}},"skip":true},"9":{"name":"(anonymous_9)","line":143,"loc":{"start":{"line":143,"column":45},"end":{"line":143,"column":62}},"skip":true},"10":{"name":"(anonymous_10)","line":144,"loc":{"start":{"line":144,"column":73},"end":{"line":144,"column":92}},"skip":true},"11":{"name":"(anonymous_11)","line":272,"loc":{"start":{"line":272,"column":51},"end":{"line":272,"column":77}},"skip":true},"12":{"name":"(anonymous_12)","line":315,"loc":{"start":{"line":315,"column":32},"end":{"line":315,"column":61}},"skip":true}},"statementMap":{"1":{"start":{"line":26,"column":0},"end":{"line":326,"column":5}},"2":{"start":{"line":28,"column":4},"end":{"line":28,"column":14}},"3":{"start":{"line":33,"column":4},"end":{"line":60,"column":9}},"4":{"start":{"line":35,"column":8},"end":{"line":35,"column":19}},"5":{"start":{"line":37,"column":8},"end":{"line":49,"column":13}},"6":{"start":{"line":38,"column":12},"end":{"line":48,"column":13}},"7":{"start":{"line":39,"column":16},"end":{"line":42,"column":30}},"8":{"start":{"line":44,"column":16},"end":{"line":47,"column":27}},"9":{"start":{"line":51,"column":8},"end":{"line":53,"column":21}},"10":{"start":{"line":55,"column":8},"end":{"line":57,"column":45}},"11":{"start":{"line":59,"column":8},"end":{"line":59,"column":35}},"12":{"start":{"line":61,"column":4},"end":{"line":325,"column":5}},"13":{"start":{"line":69,"column":8},"end":{"line":121,"column":10},"skip":true},"14":{"start":{"line":70,"column":12},"end":{"line":88,"column":13},"skip":true},"15":{"start":{"line":76,"column":16},"end":{"line":87,"column":19},"skip":true},"16":{"start":{"line":79,"column":20},"end":{"line":86,"column":21},"skip":true},"17":{"start":{"line":82,"column":24},"end":{"line":82,"column":43},"skip":true},"18":{"start":{"line":83,"column":24},"end":{"line":83,"column":30},"skip":true},"19":{"start":{"line":85,"column":24},"end":{"line":85,"column":49},"skip":true},"20":{"start":{"line":89,"column":12},"end":{"line":107,"column":13},"skip":true},"21":{"start":{"line":92,"column":16},"end":{"line":102,"column":17},"skip":true},"22":{"start":{"line":93,"column":20},"end":{"line":93,"column":86},"skip":true},"23":{"start":{"line":94,"column":20},"end":{"line":95,"column":45},"skip":true},"24":{"start":{"line":96,"column":20},"end":{"line":96,"column":42},"skip":true},"25":{"start":{"line":97,"column":20},"end":{"line":97,"column":48},"skip":true},"26":{"start":{"line":100,"column":20},"end":{"line":100,"column":85},"skip":true},"27":{"start":{"line":101,"column":20},"end":{"line":101,"column":96},"skip":true},"28":{"start":{"line":103,"column":16},"end":{"line":103,"column":22},"skip":true},"29":{"start":{"line":106,"column":16},"end":{"line":106,"column":22},"skip":true},"30":{"start":{"line":108,"column":12},"end":{"line":120,"column":13},"skip":true},"31":{"start":{"line":114,"column":16},"end":{"line":119,"column":17},"skip":true},"32":{"start":{"line":116,"column":20},"end":{"line":116,"column":78},"skip":true},"33":{"start":{"line":118,"column":20},"end":{"line":118,"column":47},"skip":true},"34":{"start":{"line":123,"column":8},"end":{"line":141,"column":11},"skip":true},"35":{"start":{"line":124,"column":12},"end":{"line":124,"column":54},"skip":true},"36":{"start":{"line":125,"column":12},"end":{"line":140,"column":14},"skip":true},"37":{"start":{"line":126,"column":16},"end":{"line":126,"column":28},"skip":true},"38":{"start":{"line":127,"column":16},"end":{"line":127,"column":69},"skip":true},"39":{"start":{"line":128,"column":16},"end":{"line":128,"column":75},"skip":true},"40":{"start":{"line":129,"column":16},"end":{"line":131,"column":17},"skip":true},"41":{"start":{"line":130,"column":20},"end":{"line":130,"column":27},"skip":true},"42":{"start":{"line":133,"column":16},"end":{"line":137,"column":36},"skip":true},"43":{"start":{"line":134,"column":20},"end":{"line":136,"column":55},"skip":true},"44":{"start":{"line":139,"column":16},"end":{"line":139,"column":57},"skip":true},"45":{"start":{"line":143,"column":8},"end":{"line":147,"column":11},"skip":true},"46":{"start":{"line":144,"column":12},"end":{"line":146,"column":15},"skip":true},"47":{"start":{"line":145,"column":16},"end":{"line":145,"column":70},"skip":true},"48":{"start":{"line":149,"column":8},"end":{"line":149,"column":31},"skip":true},"49":{"start":{"line":150,"column":8},"end":{"line":150,"column":14},"skip":true},"50":{"start":{"line":158,"column":8},"end":{"line":158,"column":31},"skip":true},"51":{"start":{"line":160,"column":8},"end":{"line":160,"column":33},"skip":true},"52":{"start":{"line":161,"column":8},"end":{"line":161,"column":37},"skip":true},"53":{"start":{"line":162,"column":8},"end":{"line":162,"column":35},"skip":true},"54":{"start":{"line":164,"column":8},"end":{"line":164,"column":50},"skip":true},"55":{"start":{"line":166,"column":8},"end":{"line":256,"column":2},"skip":true},"56":{"start":{"line":258,"column":8},"end":{"line":286,"column":9},"skip":true},"57":{"start":{"line":259,"column":12},"end":{"line":269,"column":14},"skip":true},"58":{"start":{"line":271,"column":12},"end":{"line":285,"column":19},"skip":true},"59":{"start":{"line":274,"column":20},"end":{"line":274,"column":35},"skip":true},"60":{"start":{"line":275,"column":20},"end":{"line":284,"column":21},"skip":true},"61":{"start":{"line":277,"column":24},"end":{"line":277,"column":64},"skip":true},"62":{"start":{"line":279,"column":24},"end":{"line":279,"column":40},"skip":true},"63":{"start":{"line":281,"column":24},"end":{"line":281,"column":40},"skip":true},"64":{"start":{"line":283,"column":24},"end":{"line":283,"column":39},"skip":true},"65":{"start":{"line":288,"column":8},"end":{"line":290,"column":9},"skip":true},"66":{"start":{"line":289,"column":12},"end":{"line":289,"column":18},"skip":true},"67":{"start":{"line":291,"column":8},"end":{"line":293,"column":54},"skip":true},"68":{"start":{"line":296,"column":8},"end":{"line":301,"column":37},"skip":true},"69":{"start":{"line":303,"column":8},"end":{"line":303,"column":82},"skip":true},"70":{"start":{"line":306,"column":8},"end":{"line":308,"column":9},"skip":true},"71":{"start":{"line":307,"column":12},"end":{"line":307,"column":82},"skip":true},"72":{"start":{"line":310,"column":8},"end":{"line":312,"column":9},"skip":true},"73":{"start":{"line":311,"column":12},"end":{"line":311,"column":18},"skip":true},"74":{"start":{"line":313,"column":8},"end":{"line":313,"column":54},"skip":true},"75":{"start":{"line":314,"column":8},"end":{"line":314,"column":69},"skip":true},"76":{"start":{"line":315,"column":8},"end":{"line":323,"column":36},"skip":true},"77":{"start":{"line":316,"column":12},"end":{"line":316,"column":61},"skip":true},"78":{"start":{"line":317,"column":12},"end":{"line":320,"column":13},"skip":true},"79":{"start":{"line":318,"column":16},"end":{"line":318,"column":75},"skip":true},"80":{"start":{"line":319,"column":16},"end":{"line":319,"column":23},"skip":true},"81":{"start":{"line":321,"column":12},"end":{"line":321,"column":38},"skip":true},"82":{"start":{"line":322,"column":12},"end":{"line":322,"column":27},"skip":true},"83":{"start":{"line":324,"column":8},"end":{"line":324,"column":14},"skip":true}},"branchMap":{"1":{"line":39,"type":"binary-expr","locations":[{"start":{"line":39,"column":23},"end":{"line":39,"column":62}},{"start":{"line":40,"column":20},"end":{"line":40,"column":70}},{"start":{"line":41,"column":20},"end":{"line":41,"column":71}},{"start":{"line":42,"column":20},"end":{"line":42,"column":29}}]},"2":{"line":44,"type":"binary-expr","locations":[{"start":{"line":44,"column":23},"end":{"line":44,"column":37}},{"start":{"line":45,"column":20},"end":{"line":45,"column":61}},{"start":{"line":46,"column":20},"end":{"line":46,"column":70}},{"start":{"line":47,"column":20},"end":{"line":47,"column":26}}]},"3":{"line":51,"type":"cond-expr","locations":[{"start":{"line":52,"column":14},"end":{"line":52,"column":20}},{"start":{"line":53,"column":14},"end":{"line":53,"column":20}}]},"4":{"line":55,"type":"binary-expr","locations":[{"start":{"line":55,"column":16},"end":{"line":55,"column":44}},{"start":{"line":55,"column":49},"end":{"line":57,"column":43}}]},"5":{"line":55,"type":"cond-expr","locations":[{"start":{"line":56,"column":14},"end":{"line":56,"column":56}},{"start":{"line":57,"column":14},"end":{"line":57,"column":43}}]},"6":{"line":61,"type":"switch","locations":[{"start":{"line":68,"column":4},"end":{"line":150,"column":14},"skip":true},{"start":{"line":156,"column":4},"end":{"line":324,"column":14},"skip":true}]},"7":{"line":70,"type":"if","locations":[{"start":{"line":70,"column":12},"end":{"line":70,"column":12},"skip":true},{"start":{"line":70,"column":12},"end":{"line":70,"column":12},"skip":true}]},"8":{"line":70,"type":"binary-expr","locations":[{"start":{"line":70,"column":16},"end":{"line":70,"column":22},"skip":true},{"start":{"line":70,"column":27},"end":{"line":70,"column":32},"skip":true},{"start":{"line":71,"column":20},"end":{"line":71,"column":39},"skip":true},{"start":{"line":72,"column":20},"end":{"line":72,"column":49},"skip":true},{"start":{"line":73,"column":20},"end":{"line":73,"column":58},"skip":true},{"start":{"line":74,"column":20},"end":{"line":74,"column":69},"skip":true}]},"9":{"line":79,"type":"switch","locations":[{"start":{"line":80,"column":20},"end":{"line":80,"column":33},"skip":true},{"start":{"line":81,"column":20},"end":{"line":83,"column":30},"skip":true},{"start":{"line":84,"column":20},"end":{"line":85,"column":49},"skip":true}]},"10":{"line":89,"type":"switch","locations":[{"start":{"line":90,"column":12},"end":{"line":103,"column":22},"skip":true},{"start":{"line":105,"column":12},"end":{"line":106,"column":22},"skip":true}]},"11":{"line":89,"type":"binary-expr","locations":[{"start":{"line":89,"column":20},"end":{"line":89,"column":25},"skip":true},{"start":{"line":89,"column":29},"end":{"line":89,"column":48},"skip":true},{"start":{"line":89,"column":52},"end":{"line":89,"column":74},"skip":true}]},"12":{"line":92,"type":"if","locations":[{"start":{"line":92,"column":16},"end":{"line":92,"column":16},"skip":true},{"start":{"line":92,"column":16},"end":{"line":92,"column":16},"skip":true}]},"13":{"line":108,"type":"if","locations":[{"start":{"line":108,"column":12},"end":{"line":108,"column":12},"skip":true},{"start":{"line":108,"column":12},"end":{"line":108,"column":12},"skip":true}]},"14":{"line":108,"type":"binary-expr","locations":[{"start":{"line":108,"column":16},"end":{"line":108,"column":61},"skip":true},{"start":{"line":108,"column":66},"end":{"line":108,"column":72},"skip":true},{"start":{"line":108,"column":77},"end":{"line":108,"column":82},"skip":true},{"start":{"line":109,"column":20},"end":{"line":109,"column":39},"skip":true},{"start":{"line":110,"column":20},"end":{"line":110,"column":49},"skip":true},{"start":{"line":111,"column":20},"end":{"line":111,"column":58},"skip":true},{"start":{"line":112,"column":20},"end":{"line":112,"column":68},"skip":true}]},"15":{"line":129,"type":"if","locations":[{"start":{"line":129,"column":16},"end":{"line":129,"column":16},"skip":true},{"start":{"line":129,"column":16},"end":{"line":129,"column":16},"skip":true}]},"16":{"line":134,"type":"cond-expr","locations":[{"start":{"line":135,"column":26},"end":{"line":135,"column":29},"skip":true},{"start":{"line":136,"column":26},"end":{"line":136,"column":54},"skip":true}]},"17":{"line":164,"type":"binary-expr","locations":[{"start":{"line":164,"column":27},"end":{"line":164,"column":43},"skip":true},{"start":{"line":164,"column":47},"end":{"line":164,"column":49},"skip":true}]},"18":{"line":258,"type":"if","locations":[{"start":{"line":258,"column":8},"end":{"line":258,"column":8},"skip":true},{"start":{"line":258,"column":8},"end":{"line":258,"column":8},"skip":true}]},"19":{"line":275,"type":"switch","locations":[{"start":{"line":276,"column":20},"end":{"line":277,"column":64},"skip":true},{"start":{"line":278,"column":20},"end":{"line":279,"column":40},"skip":true},{"start":{"line":280,"column":20},"end":{"line":281,"column":40},"skip":true},{"start":{"line":282,"column":20},"end":{"line":283,"column":39},"skip":true}]},"20":{"line":288,"type":"if","locations":[{"start":{"line":288,"column":8},"end":{"line":288,"column":8},"skip":true},{"start":{"line":288,"column":8},"end":{"line":288,"column":8},"skip":true}]},"21":{"line":288,"type":"binary-expr","locations":[{"start":{"line":288,"column":12},"end":{"line":288,"column":40},"skip":true},{"start":{"line":288,"column":44},"end":{"line":288,"column":67},"skip":true}]},"22":{"line":292,"type":"binary-expr","locations":[{"start":{"line":292,"column":12},"end":{"line":292,"column":50},"skip":true},{"start":{"line":293,"column":12},"end":{"line":293,"column":53},"skip":true}]},"23":{"line":297,"type":"binary-expr","locations":[{"start":{"line":297,"column":12},"end":{"line":297,"column":70},"skip":true},{"start":{"line":298,"column":12},"end":{"line":301,"column":36},"skip":true}]},"24":{"line":303,"type":"binary-expr","locations":[{"start":{"line":303,"column":43},"end":{"line":303,"column":75},"skip":true},{"start":{"line":303,"column":79},"end":{"line":303,"column":81},"skip":true}]},"25":{"line":306,"type":"if","locations":[{"start":{"line":306,"column":8},"end":{"line":306,"column":8},"skip":true},{"start":{"line":306,"column":8},"end":{"line":306,"column":8},"skip":true}]},"26":{"line":310,"type":"if","locations":[{"start":{"line":310,"column":8},"end":{"line":310,"column":8},"skip":true},{"start":{"line":310,"column":8},"end":{"line":310,"column":8},"skip":true}]},"27":{"line":313,"type":"binary-expr","locations":[{"start":{"line":313,"column":27},"end":{"line":313,"column":43},"skip":true},{"start":{"line":313,"column":47},"end":{"line":313,"column":53},"skip":true}]},"28":{"line":317,"type":"if","locations":[{"start":{"line":317,"column":12},"end":{"line":317,"column":12},"skip":true},{"start":{"line":317,"column":12},"end":{"line":317,"column":12},"skip":true}]}},"code":["/*","example.js","","quickstart example","","instruction","    1. save this script as example.js","    2. run the shell command:","        $ npm install npmtest-express-form && PORT=8081 node example.js","    3. play with the browser-demo on http://127.0.0.1:8081","*/","","","","/* istanbul instrument in package npmtest_express_form */","/*jslint","    bitwise: true,","    browser: true,","    maxerr: 8,","    maxlen: 96,","    node: true,","    nomen: true,","    regexp: true,","    stupid: true","*/","(function () {","    'use strict';","    var local;","","","","    // run shared js-env code - init-before","    (function () {","        // init local","        local = {};","        // init modeJs","        local.modeJs = (function () {","            try {","                return typeof navigator.userAgent === 'string' &&","                    typeof document.querySelector('body') === 'object' &&","                    typeof XMLHttpRequest.prototype.open === 'function' &&","                    'browser';","            } catch (errorCaughtBrowser) {","                return module.exports &&","                    typeof process.versions.node === 'string' &&","                    typeof require('http').createServer === 'function' &&","                    'node';","            }","        }());","        // init global","        local.global = local.modeJs === 'browser'","            ? window","            : global;","        // init utility2_rollup","        local = local.global.utility2_rollup || (local.modeJs === 'browser'","            ? local.global.utility2_npmtest_express_form","            : global.utility2_moduleExports);","        // export local","        local.global.local = local;","    }());","    switch (local.modeJs) {","","","","    // init-after","    // run browser js-env code - init-after","    /* istanbul ignore next */","    case 'browser':","        local.testRunBrowser = function (event) {","            if (!event || (event &&","                    event.currentTarget &&","                    event.currentTarget.className &&","                    event.currentTarget.className.includes &&","                    event.currentTarget.className.includes('onreset'))) {","                // reset output","                Array.from(","                    document.querySelectorAll('body > .resettable')","                ).forEach(function (element) {","                    switch (element.tagName) {","                    case 'INPUT':","                    case 'TEXTAREA':","                        element.value = '';","                        break;","                    default:","                        element.textContent = '';","                    }","                });","            }","            switch (event && event.currentTarget && event.currentTarget.id) {","            case 'testRunButton1':","                // show tests","                if (document.querySelector('#testReportDiv1').style.display === 'none') {","                    document.querySelector('#testReportDiv1').style.display = 'block';","                    document.querySelector('#testRunButton1').textContent =","                        'hide internal test';","                    local.modeTest = true;","                    local.testRunDefault(local);","                // hide tests","                } else {","                    document.querySelector('#testReportDiv1').style.display = 'none';","                    document.querySelector('#testRunButton1').textContent = 'run internal test';","                }","                break;","            // custom-case","            default:","                break;","            }","            if (document.querySelector('#inputTextareaEval1') && (!event || (event &&","                    event.currentTarget &&","                    event.currentTarget.className &&","                    event.currentTarget.className.includes &&","                    event.currentTarget.className.includes('oneval')))) {","                // try to eval input-code","                try {","                    /*jslint evil: true*/","                    eval(document.querySelector('#inputTextareaEval1').value);","                } catch (errorCaught) {","                    console.error(errorCaught);","                }","            }","        };","        // log stderr and stdout to #outputTextareaStdout1","        ['error', 'log'].forEach(function (key) {","            console[key + '_original'] = console[key];","            console[key] = function () {","                var element;","                console[key + '_original'].apply(console, arguments);","                element = document.querySelector('#outputTextareaStdout1');","                if (!element) {","                    return;","                }","                // append text to #outputTextareaStdout1","                element.value += Array.from(arguments).map(function (arg) {","                    return typeof arg === 'string'","                        ? arg","                        : JSON.stringify(arg, null, 4);","                }).join(' ') + '\\n';","                // scroll textarea to bottom","                element.scrollTop = element.scrollHeight;","            };","        });","        // init event-handling","        ['change', 'click', 'keyup'].forEach(function (event) {","            Array.from(document.querySelectorAll('.on' + event)).forEach(function (element) {","                element.addEventListener(event, local.testRunBrowser);","            });","        });","        // run tests","        local.testRunBrowser();","        break;","","","","    // run node js-env code - init-after","    /* istanbul ignore next */","    case 'node':","        // export local","        module.exports = local;","        // require modules","        local.fs = require('fs');","        local.http = require('http');","        local.url = require('url');","        // init assets","        local.assetsDict = local.assetsDict || {};","        /* jslint-ignore-begin */","        local.assetsDict['/assets.index.template.html'] = '\\","<!doctype html>\\n\\","<html lang=\"en\">\\n\\","<head>\\n\\","<meta charset=\"UTF-8\">\\n\\","<meta name=\"viewport\" content=\"width=device-width, initial-scale=1\">\\n\\","<title>{{env.npm_package_name}} (v{{env.npm_package_version}})</title>\\n\\","<style>\\n\\","/*csslint\\n\\","    box-sizing: false,\\n\\","    universal-selector: false\\n\\","*/\\n\\","* {\\n\\","    box-sizing: border-box;\\n\\","}\\n\\","body {\\n\\","    background: #dde;\\n\\","    font-family: Arial, Helvetica, sans-serif;\\n\\","    margin: 2rem;\\n\\","}\\n\\","body > * {\\n\\","    margin-bottom: 1rem;\\n\\","}\\n\\",".utility2FooterDiv {\\n\\","    margin-top: 20px;\\n\\","    text-align: center;\\n\\","}\\n\\","</style>\\n\\","<style>\\n\\","/*csslint\\n\\","*/\\n\\","textarea {\\n\\","    font-family: monospace;\\n\\","    height: 10rem;\\n\\","    width: 100%;\\n\\","}\\n\\","textarea[readonly] {\\n\\","    background: #ddd;\\n\\","}\\n\\","</style>\\n\\","</head>\\n\\","<body>\\n\\","<!-- utility2-comment\\n\\","<div id=\"ajaxProgressDiv1\" style=\"background: #d00; height: 2px; left: 0; margin: 0; padding: 0; position: fixed; top: 0; transition: background 0.5s, width 1.5s; width: 25%;\"></div>\\n\\","utility2-comment -->\\n\\","<h1>\\n\\","<!-- utility2-comment\\n\\","    <a\\n\\","        {{#if env.npm_package_homepage}}\\n\\","        href=\"{{env.npm_package_homepage}}\"\\n\\","        {{/if env.npm_package_homepage}}\\n\\","        target=\"_blank\"\\n\\","    >\\n\\","utility2-comment -->\\n\\","        {{env.npm_package_name}} (v{{env.npm_package_version}})\\n\\","<!-- utility2-comment\\n\\","    </a>\\n\\","utility2-comment -->\\n\\","</h1>\\n\\","<h3>{{env.npm_package_description}}</h3>\\n\\","<!-- utility2-comment\\n\\","<h4><a download href=\"assets.app.js\">download standalone app</a></h4>\\n\\","<button class=\"onclick onreset\" id=\"testRunButton1\">run internal test</button><br>\\n\\","<div id=\"testReportDiv1\" style=\"display: none;\"></div>\\n\\","utility2-comment -->\\n\\","\\n\\","\\n\\","\\n\\","<label>stderr and stdout</label>\\n\\","<textarea class=\"resettable\" id=\"outputTextareaStdout1\" readonly></textarea>\\n\\","<!-- utility2-comment\\n\\","{{#if isRollup}}\\n\\","<script src=\"assets.app.js\"></script>\\n\\","{{#unless isRollup}}\\n\\","utility2-comment -->\\n\\","<script src=\"assets.utility2.rollup.js\"></script>\\n\\","<script src=\"jsonp.utility2._stateInit?callback=window.utility2._stateInit\"></script>\\n\\","<script src=\"assets.npmtest_express_form.rollup.js\"></script>\\n\\","<script src=\"assets.example.js\"></script>\\n\\","<script src=\"assets.test.js\"></script>\\n\\","<!-- utility2-comment\\n\\","{{/if isRollup}}\\n\\","utility2-comment -->\\n\\","<div class=\"utility2FooterDiv\">\\n\\","    [ this app was created with\\n\\","    <a href=\"https://github.com/kaizhu256/node-utility2\" target=\"_blank\">utility2</a>\\n\\","    ]\\n\\","</div>\\n\\","</body>\\n\\","</html>\\n\\","';","        /* jslint-ignore-end */","        if (local.templateRender) {","            local.assetsDict['/'] = local.templateRender(","                local.assetsDict['/assets.index.template.html'],","                {","                    env: local.objectSetDefault(local.env, {","                        npm_package_description: 'the greatest app in the world!',","                        npm_package_name: 'my-app',","                        npm_package_nameAlias: 'my_app',","                        npm_package_version: '0.0.1'","                    })","                }","            );","        } else {","            local.assetsDict['/'] = local.assetsDict['/assets.index.template.html']","                .replace((/\\{\\{env\\.(\\w+?)\\}\\}/g), function (match0, match1) {","                    // jslint-hack","                    String(match0);","                    switch (match1) {","                    case 'npm_package_description':","                        return 'the greatest app in the world!';","                    case 'npm_package_name':","                        return 'my-app';","                    case 'npm_package_nameAlias':","                        return 'my_app';","                    case 'npm_package_version':","                        return '0.0.1';","                    }","                });","        }","        // run the cli","        if (local.global.utility2_rollup || module !== require.main) {","            break;","        }","        local.assetsDict['/assets.example.js'] =","            local.assetsDict['/assets.example.js'] ||","            local.fs.readFileSync(__filename, 'utf8');","        // bug-workaround - long $npm_package_buildCustomOrg","        /* jslint-ignore-begin */","        local.assetsDict['/assets.npmtest_express_form.rollup.js'] =","            local.assetsDict['/assets.npmtest_express_form.rollup.js'] ||","            local.fs.readFileSync(","                local.npmtest_express_form.__dirname + '/lib.npmtest_express_form.js',","                'utf8'","            ).replace((/^#!/), '//');","        /* jslint-ignore-end */","        local.assetsDict['/favicon.ico'] = local.assetsDict['/favicon.ico'] || '';","        // if $npm_config_timeout_exit exists,","        // then exit this process after $npm_config_timeout_exit ms","        if (Number(process.env.npm_config_timeout_exit)) {","            setTimeout(process.exit, Number(process.env.npm_config_timeout_exit));","        }","        // start server","        if (local.global.utility2_serverHttp1) {","            break;","        }","        process.env.PORT = process.env.PORT || '8081';","        console.error('server starting on port ' + process.env.PORT);","        local.http.createServer(function (request, response) {","            request.urlParsed = local.url.parse(request.url);","            if (local.assetsDict[request.urlParsed.pathname] !== undefined) {","                response.end(local.assetsDict[request.urlParsed.pathname]);","                return;","            }","            response.statusCode = 404;","            response.end();","        }).listen(process.env.PORT);","        break;","    }","}());",""],"l":{"26":2,"28":2,"33":2,"35":2,"37":2,"38":2,"39":2,"44":1,"51":2,"55":2,"59":2,"61":2,"69":1,"70":2,"76":2,"79":2,"82":2,"83":2,"85":1,"89":2,"92":1,"93":1,"94":1,"96":1,"97":1,"100":1,"101":1,"103":1,"106":1,"108":2,"114":1,"116":1,"118":1,"123":1,"124":2,"125":2,"126":3,"127":3,"128":3,"129":3,"130":1,"133":3,"134":3,"139":3,"143":1,"144":3,"145":1,"149":1,"150":1,"158":1,"160":1,"161":1,"162":1,"164":1,"166":1,"258":1,"259":1,"271":1,"274":6,"275":6,"277":1,"279":2,"281":1,"283":2,"288":1,"289":1,"291":1,"296":1,"303":1,"306":1,"307":1,"310":1,"311":1,"313":1,"314":1,"315":1,"316":1,"317":1,"318":1,"319":1,"321":1,"322":1,"324":1}},"/home/travis/build/npmtest/node-npmtest-express-form/node_modules/express-form/index.js":{"path":"/home/travis/build/npmtest/node-npmtest-express-form/node_modules/express-form/index.js","s":{"1":1},"b":{},"f":{},"fnMap":{},"statementMap":{"1":{"start":{"line":1,"column":0},"end":{"line":1,"column":39}}},"branchMap":{},"code":["module.exports = require(\"./lib/form\");",""],"l":{"1":1}},"/home/travis/build/npmtest/node-npmtest-express-form/node_modules/express-form/lib/form.js":{"path":"/home/travis/build/npmtest/node-npmtest-express-form/node_modules/express-form/lib/form.js","s":{"1":1,"2":1,"3":0,"4":0,"5":0,"6":0,"7":0,"8":0,"9":0,"10":0,"11":0,"12":0,"13":0,"14":0,"15":0,"16":0,"17":0,"18":0,"19":0,"20":0,"21":0,"22":0,"23":0,"24":0,"25":0,"26":0,"27":0,"28":0,"29":0,"30":0,"31":0,"32":0,"33":0,"34":0,"35":0,"36":0,"37":0,"38":0,"39":0,"40":0,"41":0,"42":0,"43":0,"44":0,"45":0,"46":0,"47":1,"48":0,"49":1,"50":1,"51":1,"52":0,"53":0,"54":0,"55":0,"56":0,"57":1},"b":{"1":[0,0],"2":[0,0],"3":[0,0],"4":[0,0],"5":[0,0],"6":[0,0],"7":[0,0],"8":[0,0],"9":[0,0],"10":[0,0],"11":[0,0],"12":[0,0],"13":[0,0],"14":[0,0],"15":[0,0],"16":[0,0],"17":[0,0],"18":[0,0]},"f":{"1":0,"2":0,"3":0,"4":0,"5":0,"6":0,"7":0,"8":0,"9":0,"10":0,"11":0,"12":0,"13":0},"fnMap":{"1":{"name":"form","line":11,"loc":{"start":{"line":11,"column":0},"end":{"line":11,"column":16}}},"2":{"name":"(anonymous_2)","line":15,"loc":{"start":{"line":15,"column":9},"end":{"line":15,"column":35}}},"3":{"name":"(anonymous_3)","line":22,"loc":{"start":{"line":22,"column":32},"end":{"line":22,"column":50}}},"4":{"name":"(anonymous_4)","line":59,"loc":{"start":{"line":59,"column":15},"end":{"line":59,"column":31}}},"5":{"name":"(anonymous_5)","line":67,"loc":{"start":{"line":67,"column":13},"end":{"line":67,"column":25}}},"6":{"name":"(anonymous_6)","line":73,"loc":{"start":{"line":73,"column":15},"end":{"line":73,"column":27}}},"7":{"name":"(anonymous_7)","line":75,"loc":{"start":{"line":75,"column":30},"end":{"line":75,"column":47}}},"8":{"name":"(anonymous_8)","line":87,"loc":{"start":{"line":87,"column":25},"end":{"line":87,"column":47}}},"9":{"name":"(anonymous_9)","line":88,"loc":{"start":{"line":88,"column":51},"end":{"line":88,"column":73}}},"10":{"name":"(anonymous_10)","line":98,"loc":{"start":{"line":98,"column":23},"end":{"line":98,"column":40}}},"11":{"name":"(anonymous_11)","line":106,"loc":{"start":{"line":106,"column":7},"end":{"line":106,"column":21}}},"12":{"name":"(anonymous_12)","line":115,"loc":{"start":{"line":115,"column":13},"end":{"line":115,"column":40}}},"13":{"name":"(anonymous_13)","line":129,"loc":{"start":{"line":129,"column":17},"end":{"line":129,"column":36}}}},"statementMap":{"1":{"start":{"line":7,"column":0},"end":{"line":9,"column":31}},"2":{"start":{"line":11,"column":0},"end":{"line":113,"column":1}},"3":{"start":{"line":12,"column":2},"end":{"line":13,"column":30}},"4":{"start":{"line":15,"column":2},"end":{"line":112,"column":3}},"5":{"start":{"line":16,"column":4},"end":{"line":18,"column":26}},"6":{"start":{"line":20,"column":4},"end":{"line":20,"column":33}},"7":{"start":{"line":20,"column":19},"end":{"line":20,"column":33}},"8":{"start":{"line":22,"column":4},"end":{"line":24,"column":7}},"9":{"start":{"line":23,"column":6},"end":{"line":23,"column":45}},"10":{"start":{"line":26,"column":4},"end":{"line":26,"column":66}},"11":{"start":{"line":26,"column":29},"end":{"line":26,"column":66}},"12":{"start":{"line":28,"column":4},"end":{"line":51,"column":5}},"13":{"start":{"line":29,"column":6},"end":{"line":50,"column":7}},"14":{"start":{"line":30,"column":8},"end":{"line":30,"column":66}},"15":{"start":{"line":30,"column":57},"end":{"line":30,"column":66}},"16":{"start":{"line":42,"column":8},"end":{"line":49,"column":9}},"17":{"start":{"line":44,"column":10},"end":{"line":44,"column":58}},"18":{"start":{"line":47,"column":10},"end":{"line":47,"column":43}},"19":{"start":{"line":47,"column":27},"end":{"line":47,"column":43}},"20":{"start":{"line":48,"column":10},"end":{"line":48,"column":60}},"21":{"start":{"line":53,"column":4},"end":{"line":84,"column":7}},"22":{"start":{"line":60,"column":10},"end":{"line":60,"column":31}},"23":{"start":{"line":60,"column":20},"end":{"line":60,"column":31}},"24":{"start":{"line":62,"column":10},"end":{"line":62,"column":33}},"25":{"start":{"line":68,"column":10},"end":{"line":68,"column":42}},"26":{"start":{"line":74,"column":10},"end":{"line":74,"column":54}},"27":{"start":{"line":74,"column":47},"end":{"line":74,"column":54}},"28":{"start":{"line":75,"column":10},"end":{"line":80,"column":13}},"29":{"start":{"line":76,"column":12},"end":{"line":76,"column":39}},"30":{"start":{"line":76,"column":32},"end":{"line":76,"column":39}},"31":{"start":{"line":78,"column":12},"end":{"line":78,"column":34}},"32":{"start":{"line":79,"column":12},"end":{"line":79,"column":38}},"33":{"start":{"line":87,"column":4},"end":{"line":111,"column":7}},"34":{"start":{"line":88,"column":6},"end":{"line":105,"column":9}},"35":{"start":{"line":91,"column":8},"end":{"line":91,"column":70}},"36":{"start":{"line":91,"column":54},"end":{"line":91,"column":70}},"37":{"start":{"line":93,"column":8},"end":{"line":94,"column":32}},"38":{"start":{"line":96,"column":8},"end":{"line":96,"column":36}},"39":{"start":{"line":98,"column":8},"end":{"line":101,"column":11}},"40":{"start":{"line":99,"column":10},"end":{"line":99,"column":29}},"41":{"start":{"line":100,"column":10},"end":{"line":100,"column":32}},"42":{"start":{"line":103,"column":8},"end":{"line":103,"column":17}},"43":{"start":{"line":108,"column":6},"end":{"line":108,"column":54}},"44":{"start":{"line":108,"column":31},"end":{"line":108,"column":54}},"45":{"start":{"line":109,"column":6},"end":{"line":109,"column":23}},"46":{"start":{"line":109,"column":16},"end":{"line":109,"column":23}},"47":{"start":{"line":115,"column":0},"end":{"line":117,"column":2}},"48":{"start":{"line":116,"column":2},"end":{"line":116,"column":36}},"49":{"start":{"line":119,"column":0},"end":{"line":119,"column":41}},"50":{"start":{"line":121,"column":0},"end":{"line":127,"column":2}},"51":{"start":{"line":129,"column":0},"end":{"line":137,"column":1}},"52":{"start":{"line":130,"column":2},"end":{"line":135,"column":3}},"53":{"start":{"line":131,"column":4},"end":{"line":133,"column":5}},"54":{"start":{"line":132,"column":6},"end":{"line":132,"column":32}},"55":{"start":{"line":134,"column":4},"end":{"line":134,"column":34}},"56":{"start":{"line":136,"column":2},"end":{"line":136,"column":14}},"57":{"start":{"line":139,"column":0},"end":{"line":139,"column":22}}},"branchMap":{"1":{"line":20,"type":"if","locations":[{"start":{"line":20,"column":4},"end":{"line":20,"column":4}},{"start":{"line":20,"column":4},"end":{"line":20,"column":4}}]},"2":{"line":26,"type":"if","locations":[{"start":{"line":26,"column":4},"end":{"line":26,"column":4}},{"start":{"line":26,"column":4},"end":{"line":26,"column":4}}]},"3":{"line":28,"type":"if","locations":[{"start":{"line":28,"column":4},"end":{"line":28,"column":4}},{"start":{"line":28,"column":4},"end":{"line":28,"column":4}}]},"4":{"line":30,"type":"if","locations":[{"start":{"line":30,"column":8},"end":{"line":30,"column":8}},{"start":{"line":30,"column":8},"end":{"line":30,"column":8}}]},"5":{"line":42,"type":"if","locations":[{"start":{"line":42,"column":8},"end":{"line":42,"column":8}},{"start":{"line":42,"column":8},"end":{"line":42,"column":8}}]},"6":{"line":47,"type":"if","locations":[{"start":{"line":47,"column":10},"end":{"line":47,"column":10}},{"start":{"line":47,"column":10},"end":{"line":47,"column":10}}]},"7":{"line":60,"type":"if","locations":[{"start":{"line":60,"column":10},"end":{"line":60,"column":10}},{"start":{"line":60,"column":10},"end":{"line":60,"column":10}}]},"8":{"line":62,"type":"binary-expr","locations":[{"start":{"line":62,"column":17},"end":{"line":62,"column":26}},{"start":{"line":62,"column":30},"end":{"line":62,"column":32}}]},"9":{"line":74,"type":"if","locations":[{"start":{"line":74,"column":10},"end":{"line":74,"column":10}},{"start":{"line":74,"column":10},"end":{"line":74,"column":10}}]},"10":{"line":76,"type":"if","locations":[{"start":{"line":76,"column":12},"end":{"line":76,"column":12}},{"start":{"line":76,"column":12},"end":{"line":76,"column":12}}]},"11":{"line":91,"type":"if","locations":[{"start":{"line":91,"column":8},"end":{"line":91,"column":8}},{"start":{"line":91,"column":8},"end":{"line":91,"column":8}}]},"12":{"line":91,"type":"binary-expr","locations":[{"start":{"line":91,"column":12},"end":{"line":91,"column":34}},{"start":{"line":91,"column":38},"end":{"line":91,"column":52}}]},"13":{"line":93,"type":"binary-expr","locations":[{"start":{"line":93,"column":39},"end":{"line":93,"column":54}},{"start":{"line":93,"column":58},"end":{"line":93,"column":60}}]},"14":{"line":96,"type":"binary-expr","locations":[{"start":{"line":96,"column":20},"end":{"line":96,"column":29}},{"start":{"line":96,"column":33},"end":{"line":96,"column":35}}]},"15":{"line":108,"type":"if","locations":[{"start":{"line":108,"column":6},"end":{"line":108,"column":6}},{"start":{"line":108,"column":6},"end":{"line":108,"column":6}}]},"16":{"line":109,"type":"if","locations":[{"start":{"line":109,"column":6},"end":{"line":109,"column":6}},{"start":{"line":109,"column":6},"end":{"line":109,"column":6}}]},"17":{"line":131,"type":"if","locations":[{"start":{"line":131,"column":4},"end":{"line":131,"column":4}},{"start":{"line":131,"column":4},"end":{"line":131,"column":4}}]},"18":{"line":131,"type":"binary-expr","locations":[{"start":{"line":131,"column":8},"end":{"line":131,"column":34}},{"start":{"line":131,"column":38},"end":{"line":131,"column":57}}]}},"code":["/*!"," * Express - Form"," * Copyright(c) 2010 Dan Dean <me@dandean.com>"," * MIT Licensed"," */","","var async = require(\"async\")","  , utils = require(\"./utils\")","  , Field = require(\"./field\");","","function form() {","  var routines = Array.prototype.slice.call(arguments)","    , options = form._options;","  ","  return function (req, res, next) {","    var map = {}","      , flashed = {}","      , mergedSource = {};","    ","    if (!req.form) req.form = {};","    ","    options.dataSources.forEach(function (source) {","      utils.merge(mergedSource, req[source]);","    });","    ","    if (options.passThrough) req.form = utils.clone(mergedSource);","    ","    if (options.autoLocals) {","      for (var prop in req.body) {","        if (!Object.hasOwnProperty.call(req.body, prop)) continue;","        ","        /*","         * express 1.x and 3.x","         * ------------------------","         * res.locals.field = value","         * ","         * express 2.x","         * ------------------------","         * res.local(field, value)","         * res.locals({field: value});","         */","        if (typeof res.local === \"function\") {","          // express 2.x","          res.local(utils.camelize(prop), req.body[prop]);","        } else {","          // express 1.x and 3.x","          if (!res.locals) res.locals = {};","          res.locals[utils.camelize(prop)] = req.body[prop];","        }","      }","    }","    ","    Object.defineProperties(req.form, {","      \"errors\": {","        value: [],","        enumerable: false","      },","      \"getErrors\": {","        value: function (name) {","          if(!name) return map;","          ","          return map[name] || [];","        },","        enumerable: false","      },","      \"isValid\": {","        get: function () {","          return this.errors.length === 0;","        },","        enumerable: false","      },","      \"flashErrors\": {","        value: function () {","          if (typeof req.flash !== \"function\") return;","          this.errors.forEach(function (error) {","            if (flashed[error]) return;","            ","            flashed[error] = true;","            req.flash(\"error\", error);","          });","        },","        enumerable: false","      }","    });","    ","    //routines.forEach(function (routine) {","    async.each(routines, function(routine, cb) {","      routine.run(mergedSource, req.form, options, function(err, result) {","        ","        // return early if no errors","        if (!Array.isArray(result) || !result.length) return cb(null);","        ","        var errors = req.form.errors = req.form.errors || []","          , name = routine.name;","      ","        map[name] = map[name] || [];","      ","        result.forEach(function (error) {","          errors.push(error);","          map[name].push(error);","        });","        ","        cb(null);","        ","      });","    }, function(err) {","      ","      if (options.flashErrors) req.form.flashErrors();","      if (next) next();","      ","    });","  }","}","","form.field = function (property, label) {","  return new Field(property, label);","};","","form.filter = form.validate = form.field;","","form._options = {","  dataSources: [\"body\", \"query\", \"params\"],","  autoTrim: false,","  autoLocals: true,","  passThrough: false,","  flashErrors: true","};","","form.configure = function (options) {","  for (var p in options) {","    if (!Array.isArray(options[p]) && p === \"dataSources\") {","      options[p] = [options[p]];","    }","    this._options[p] = options[p];","  }","  return this;","}","","module.exports = form;"],"l":{"7":1,"11":1,"12":0,"15":0,"16":0,"20":0,"22":0,"23":0,"26":0,"28":0,"29":0,"30":0,"42":0,"44":0,"47":0,"48":0,"53":0,"60":0,"62":0,"68":0,"74":0,"75":0,"76":0,"78":0,"79":0,"87":0,"88":0,"91":0,"93":0,"96":0,"98":0,"99":0,"100":0,"103":0,"108":0,"109":0,"115":1,"116":0,"119":1,"121":1,"129":1,"130":0,"131":0,"132":0,"134":0,"136":0,"139":1}},"/home/travis/build/npmtest/node-npmtest-express-form/node_modules/express-form/lib/utils.js":{"path":"/home/travis/build/npmtest/node-npmtest-express-form/node_modules/express-form/lib/utils.js","s":{"1":1,"2":0,"3":1,"4":0,"5":0,"6":0,"7":0,"8":0,"9":0,"10":1,"11":0,"12":0,"13":0,"14":0,"15":0,"16":0,"17":0,"18":0,"19":0,"20":1,"21":0,"22":1,"23":0,"24":0,"25":1,"26":0,"27":0,"28":0,"29":0,"30":0,"31":0,"32":0,"33":1,"34":0},"b":{"1":[0,0],"2":[0,0],"3":[0,0],"4":[0,0],"5":[0,0],"6":[0,0],"7":[0,0],"8":[0,0,0]},"f":{"1":0,"2":0,"3":0,"4":0,"5":0,"6":0,"7":0,"8":0},"fnMap":{"1":{"name":"(anonymous_1)","line":2,"loc":{"start":{"line":2,"column":44},"end":{"line":2,"column":59}}},"2":{"name":"(anonymous_2)","line":7,"loc":{"start":{"line":7,"column":32},"end":{"line":7,"column":57}}},"3":{"name":"(anonymous_3)","line":19,"loc":{"start":{"line":19,"column":32},"end":{"line":19,"column":64}}},"4":{"name":"(anonymous_4)","line":32,"loc":{"start":{"line":32,"column":28},"end":{"line":32,"column":43}}},"5":{"name":"(anonymous_5)","line":46,"loc":{"start":{"line":46,"column":34},"end":{"line":46,"column":49}}},"6":{"name":"(anonymous_6)","line":47,"loc":{"start":{"line":47,"column":40},"end":{"line":47,"column":61}}},"7":{"name":"(anonymous_7)","line":56,"loc":{"start":{"line":56,"column":28},"end":{"line":56,"column":50}}},"8":{"name":"(anonymous_8)","line":73,"loc":{"start":{"line":73,"column":34},"end":{"line":73,"column":51}}}},"statementMap":{"1":{"start":{"line":2,"column":0},"end":{"line":4,"column":2}},"2":{"start":{"line":3,"column":2},"end":{"line":3,"column":44}},"3":{"start":{"line":7,"column":0},"end":{"line":16,"column":1}},"4":{"start":{"line":8,"column":2},"end":{"line":8,"column":50}},"5":{"start":{"line":10,"column":2},"end":{"line":13,"column":3}},"6":{"start":{"line":11,"column":4},"end":{"line":11,"column":30}},"7":{"start":{"line":12,"column":4},"end":{"line":12,"column":30}},"8":{"start":{"line":12,"column":21},"end":{"line":12,"column":30}},"9":{"start":{"line":15,"column":2},"end":{"line":15,"column":13}},"10":{"start":{"line":19,"column":0},"end":{"line":30,"column":1}},"11":{"start":{"line":20,"column":2},"end":{"line":20,"column":50}},"12":{"start":{"line":22,"column":2},"end":{"line":27,"column":3}},"13":{"start":{"line":23,"column":4},"end":{"line":23,"column":27}},"14":{"start":{"line":24,"column":4},"end":{"line":24,"column":48}},"15":{"start":{"line":24,"column":36},"end":{"line":24,"column":48}},"16":{"start":{"line":25,"column":4},"end":{"line":25,"column":39}},"17":{"start":{"line":25,"column":24},"end":{"line":25,"column":39}},"18":{"start":{"line":26,"column":4},"end":{"line":26,"column":17}},"19":{"start":{"line":29,"column":2},"end":{"line":29,"column":13}},"20":{"start":{"line":32,"column":0},"end":{"line":35,"column":1}},"21":{"start":{"line":34,"column":2},"end":{"line":34,"column":41}},"22":{"start":{"line":46,"column":0},"end":{"line":50,"column":1}},"23":{"start":{"line":47,"column":2},"end":{"line":49,"column":5}},"24":{"start":{"line":48,"column":4},"end":{"line":48,"column":40}},"25":{"start":{"line":56,"column":0},"end":{"line":71,"column":1}},"26":{"start":{"line":57,"column":2},"end":{"line":69,"column":3}},"27":{"start":{"line":58,"column":4},"end":{"line":68,"column":5}},"28":{"start":{"line":60,"column":6},"end":{"line":64,"column":7}},"29":{"start":{"line":61,"column":8},"end":{"line":61,"column":42}},"30":{"start":{"line":63,"column":8},"end":{"line":63,"column":26}},"31":{"start":{"line":67,"column":6},"end":{"line":67,"column":24}},"32":{"start":{"line":70,"column":2},"end":{"line":70,"column":14}},"33":{"start":{"line":73,"column":0},"end":{"line":75,"column":1}},"34":{"start":{"line":74,"column":2},"end":{"line":74,"column":66}}},"branchMap":{"1":{"line":10,"type":"binary-expr","locations":[{"start":{"line":10,"column":9},"end":{"line":10,"column":20}},{"start":{"line":10,"column":24},"end":{"line":10,"column":33}}]},"2":{"line":12,"type":"if","locations":[{"start":{"line":12,"column":4},"end":{"line":12,"column":4}},{"start":{"line":12,"column":4},"end":{"line":12,"column":4}}]},"3":{"line":24,"type":"if","locations":[{"start":{"line":24,"column":4},"end":{"line":24,"column":4}},{"start":{"line":24,"column":4},"end":{"line":24,"column":4}}]},"4":{"line":25,"type":"if","locations":[{"start":{"line":25,"column":4},"end":{"line":25,"column":4}},{"start":{"line":25,"column":4},"end":{"line":25,"column":4}}]},"5":{"line":47,"type":"binary-expr","locations":[{"start":{"line":47,"column":10},"end":{"line":47,"column":13}},{"start":{"line":47,"column":17},"end":{"line":47,"column":19}}]},"6":{"line":48,"type":"cond-expr","locations":[{"start":{"line":48,"column":17},"end":{"line":48,"column":34}},{"start":{"line":48,"column":37},"end":{"line":48,"column":39}}]},"7":{"line":60,"type":"if","locations":[{"start":{"line":60,"column":6},"end":{"line":60,"column":6}},{"start":{"line":60,"column":6},"end":{"line":60,"column":6}}]},"8":{"line":74,"type":"binary-expr","locations":[{"start":{"line":74,"column":11},"end":{"line":74,"column":30}},{"start":{"line":74,"column":34},"end":{"line":74,"column":48}},{"start":{"line":74,"column":52},"end":{"line":74,"column":64}}]}},"code":["// Convert square-bracket to dot notation.","var toDotNotation = exports.toDotNotation = function (str) {","  return str.replace(/\\[((.)*?)\\]/g, \".$1\");","};","","// Gets nested properties without throwing errors.","var getProp = exports.getProp = function (property, obj) {","  var levels = toDotNotation(property).split(\".\");","  ","  while (obj != null && levels[0]) {","    obj = obj[levels.shift()];","    if (obj == null) obj = \"\";","  }","  ","  return obj;","}","","// Sets nested properties.","var setProp = exports.setProp = function (property, obj, value) {","  var levels = toDotNotation(property).split(\".\");","  ","  while (levels[0]) {","    var p = levels.shift();","    if (typeof obj[p] !== \"object\") obj[p] = {};","    if (!levels.length) obj[p] = value;","    obj = obj[p];","  }","  ","  return obj;","}","","var clone = exports.clone = function (obj) {","  // Untested, probably better:-> return Object.create(obj).__proto__;","  return JSON.parse(JSON.stringify(obj));","}","","/**"," * camelize(str): -> String"," * - str (String): The string to make camel-case."," *"," * Converts dash-separated words into camelCase words. Cribbed from Prototype.js."," *"," * field-name -> fieldName"," * -field-name -> FieldName","**/","var camelize = exports.camelize = function (str) {","  return (str || \"\").replace(/-+(.)?/g, function(match, chr) {","    return chr ? chr.toUpperCase() : '';","  });","}","","/*"," * Recursively merge properties of two objects"," * http://stackoverflow.com/questions/171251/how-can-i-merge-properties-of-two-javascript-objects-dynamically/383245#383245"," */","var merge = exports.merge = function (obj1, obj2) {","  for (var p in obj2) {","    try {","      // Property in destination object set; update its value.","      if ( obj2[p].constructor==Object ) {","        obj1[p] = merge(obj1[p], obj2[p]);","      } else {","        obj1[p] = obj2[p];","      }","    } catch (e) {","      // Property in destination object not set; create it and set its value.","      obj1[p] = obj2[p];","    }","  }","  return obj1;","}","","var hasValue = exports.hasValue = function (value) {","  return !(undefined === value || null === value || \"\" === value);","}"],"l":{"2":1,"3":0,"7":1,"8":0,"10":0,"11":0,"12":0,"15":0,"19":1,"20":0,"22":0,"23":0,"24":0,"25":0,"26":0,"29":0,"32":1,"34":0,"46":1,"47":0,"48":0,"56":1,"57":0,"58":0,"60":0,"61":0,"63":0,"67":0,"70":0,"73":1,"74":0}},"/home/travis/build/npmtest/node-npmtest-express-form/node_modules/express-form/lib/field.js":{"path":"/home/travis/build/npmtest/node-npmtest-express-form/node_modules/express-form/lib/field.js","s":{"1":1,"2":1,"3":0,"4":0,"5":0,"6":0,"7":0,"8":0,"9":0,"10":0,"11":0,"12":0,"13":0,"14":0,"15":0,"16":0,"17":0,"18":0,"19":0,"20":0,"21":1,"22":0,"23":0,"24":0,"25":0,"26":0,"27":0,"28":0,"29":0,"30":0,"31":0,"32":0,"33":0,"34":0,"35":0,"36":0,"37":0,"38":0,"39":0,"40":0,"41":0,"42":0,"43":0,"44":0,"45":0,"46":0,"47":0,"48":0,"49":0,"50":0,"51":0,"52":0,"53":0,"54":0,"55":1,"56":0,"57":1,"58":0,"59":0,"60":0,"61":0,"62":0,"63":0,"64":1,"65":0,"66":0,"67":0,"68":0,"69":0,"70":0,"71":0,"72":0,"73":0,"74":0,"75":0,"76":0,"77":0,"78":0,"79":0,"80":1,"81":17,"82":1,"83":16,"84":0,"85":0,"86":0,"87":0,"88":1,"89":0,"90":0,"91":0,"92":0,"93":1,"94":0,"95":0,"96":1,"97":0,"98":0,"99":1,"100":0,"101":0,"102":0,"103":0,"104":0,"105":0,"106":0,"107":0,"108":0,"109":1,"110":0,"111":1,"112":1,"113":43,"114":18,"115":25,"116":0,"117":0,"118":0,"119":0,"120":0,"121":0,"122":0,"123":1,"124":0,"125":0,"126":0,"127":0,"128":0,"129":1,"130":0,"131":0,"132":0,"133":0,"134":0,"135":1,"136":0,"137":0,"138":0,"139":0,"140":0,"141":0,"142":0,"143":0,"144":0,"145":1,"146":0,"147":0,"148":0,"149":0,"150":1,"151":0,"152":0,"153":0,"154":0,"155":1,"156":0,"157":0,"158":0,"159":0,"160":1,"161":0,"162":0,"163":0,"164":0,"165":1,"166":0,"167":0,"168":0,"169":0,"170":0,"171":0,"172":0,"173":0,"174":0,"175":0,"176":0,"177":0,"178":0,"179":0,"180":1,"181":0,"182":0,"183":0,"184":0,"185":0,"186":0,"187":0,"188":0,"189":0,"190":0,"191":0,"192":0,"193":0,"194":0,"195":1,"196":0,"197":0,"198":0,"199":0,"200":0,"201":1,"202":0,"203":0,"204":0,"205":0,"206":1,"207":0,"208":0,"209":0,"210":0,"211":1,"212":0,"213":0,"214":0,"215":0,"216":0,"217":1},"b":{"1":[0,0],"2":[0,0],"3":[0,0],"4":[0,0],"5":[0,0],"6":[0,0],"7":[0,0],"8":[0,0],"9":[0,0],"10":[0,0],"11":[0,0],"12":[0,0],"13":[0,0],"14":[0,0],"15":[0,0],"16":[0,0],"17":[0,0],"18":[0,0,0],"19":[0,0],"20":[0,0,0],"21":[0,0],"22":[0,0],"23":[0,0,0],"24":[0,0],"25":[0,0,0],"26":[0,0],"27":[1,16],"28":[0,0],"29":[0,0,0],"30":[0,0],"31":[0,0],"32":[0,0],"33":[18,25],"34":[0,0],"35":[0,0],"36":[0,0],"37":[0,0],"38":[0,0],"39":[0,0],"40":[0,0],"41":[0,0],"42":[0,0],"43":[0,0],"44":[0,0],"45":[0,0,0],"46":[0,0],"47":[0,0],"48":[0,0,0,0],"49":[0,0],"50":[0,0],"51":[0,0],"52":[0,0],"53":[0,0],"54":[0,0],"55":[0,0],"56":[0,0],"57":[0,0],"58":[0,0],"59":[0,0],"60":[0,0],"61":[0,0],"62":[0,0],"63":[0,0],"64":[0,0],"65":[0,0],"66":[0,0],"67":[0,0],"68":[0,0],"69":[0,0],"70":[0,0],"71":[0,0],"72":[0,0],"73":[0,0],"74":[0,0],"75":[0,0],"76":[0,0],"77":[0,0],"78":[0,0,0]},"f":{"1":0,"2":0,"3":0,"4":0,"5":0,"6":0,"7":0,"8":0,"9":0,"10":0,"11":0,"12":0,"13":0,"14":0,"15":0,"16":0,"17":0,"18":0,"19":17,"20":0,"21":0,"22":0,"23":0,"24":0,"25":0,"26":0,"27":0,"28":0,"29":0,"30":0,"31":43,"32":0,"33":0,"34":0,"35":0,"36":0,"37":0,"38":0,"39":0,"40":0,"41":0,"42":0,"43":0,"44":0,"45":0,"46":0,"47":0,"48":0,"49":0,"50":0,"51":0,"52":0,"53":0,"54":0,"55":0,"56":0,"57":0,"58":0,"59":0},"fnMap":{"1":{"name":"Field","line":10,"loc":{"start":{"line":10,"column":0},"end":{"line":10,"column":32}}},"2":{"name":"(anonymous_2)","line":19,"loc":{"start":{"line":19,"column":13},"end":{"line":19,"column":28}}},"3":{"name":"(anonymous_3)","line":24,"loc":{"start":{"line":24,"column":15},"end":{"line":24,"column":26}}},"4":{"name":"(anonymous_4)","line":29,"loc":{"start":{"line":29,"column":13},"end":{"line":29,"column":50}}},"5":{"name":"(anonymous_5)","line":36,"loc":{"start":{"line":36,"column":20},"end":{"line":36,"column":37}}},"6":{"name":"runStack","line":44,"loc":{"start":{"line":44,"column":4},"end":{"line":44,"column":31}}},"7":{"name":"(anonymous_7)","line":46,"loc":{"start":{"line":46,"column":30},"end":{"line":46,"column":49}}},"8":{"name":"(anonymous_8)","line":50,"loc":{"start":{"line":50,"column":35},"end":{"line":50,"column":57}}},"9":{"name":"(anonymous_9)","line":79,"loc":{"start":{"line":79,"column":9},"end":{"line":79,"column":23}}},"10":{"name":"(anonymous_10)","line":87,"loc":{"start":{"line":87,"column":39},"end":{"line":87,"column":60}}},"11":{"name":"(anonymous_11)","line":95,"loc":{"start":{"line":95,"column":22},"end":{"line":95,"column":43}}},"12":{"name":"(anonymous_12)","line":105,"loc":{"start":{"line":105,"column":24},"end":{"line":105,"column":36}}},"13":{"name":"(anonymous_13)","line":109,"loc":{"start":{"line":109,"column":28},"end":{"line":109,"column":48}}},"14":{"name":"(anonymous_14)","line":110,"loc":{"start":{"line":110,"column":18},"end":{"line":110,"column":33}}},"15":{"name":"(anonymous_15)","line":123,"loc":{"start":{"line":123,"column":25},"end":{"line":123,"column":49}}},"16":{"name":"(anonymous_16)","line":127,"loc":{"start":{"line":127,"column":20},"end":{"line":127,"column":48}}},"17":{"name":"(anonymous_17)","line":128,"loc":{"start":{"line":128,"column":26},"end":{"line":128,"column":48}}},"18":{"name":"(anonymous_18)","line":141,"loc":{"start":{"line":141,"column":18},"end":{"line":141,"column":43}}},"19":{"name":"(anonymous_19)","line":159,"loc":{"start":{"line":159,"column":37},"end":{"line":159,"column":53}}},"20":{"name":"(anonymous_20)","line":162,"loc":{"start":{"line":162,"column":26},"end":{"line":162,"column":38}}},"21":{"name":"(anonymous_21)","line":164,"loc":{"start":{"line":164,"column":20},"end":{"line":164,"column":37}}},"22":{"name":"(anonymous_22)","line":171,"loc":{"start":{"line":171,"column":25},"end":{"line":171,"column":48}}},"23":{"name":"(anonymous_23)","line":172,"loc":{"start":{"line":172,"column":18},"end":{"line":172,"column":35}}},"24":{"name":"(anonymous_24)","line":180,"loc":{"start":{"line":180,"column":56},"end":{"line":180,"column":68}}},"25":{"name":"(anonymous_25)","line":181,"loc":{"start":{"line":181,"column":18},"end":{"line":181,"column":35}}},"26":{"name":"(anonymous_26)","line":186,"loc":{"start":{"line":186,"column":56},"end":{"line":186,"column":68}}},"27":{"name":"(anonymous_27)","line":187,"loc":{"start":{"line":187,"column":18},"end":{"line":187,"column":35}}},"28":{"name":"(anonymous_28)","line":192,"loc":{"start":{"line":192,"column":27},"end":{"line":192,"column":45}}},"29":{"name":"(anonymous_29)","line":193,"loc":{"start":{"line":193,"column":18},"end":{"line":193,"column":35}}},"30":{"name":"(anonymous_30)","line":209,"loc":{"start":{"line":209,"column":31},"end":{"line":209,"column":47}}},"31":{"name":"(anonymous_31)","line":228,"loc":{"start":{"line":228,"column":40},"end":{"line":228,"column":56}}},"32":{"name":"(anonymous_32)","line":233,"loc":{"start":{"line":233,"column":26},"end":{"line":233,"column":45}}},"33":{"name":"(anonymous_33)","line":237,"loc":{"start":{"line":237,"column":20},"end":{"line":237,"column":36}}},"34":{"name":"(anonymous_34)","line":248,"loc":{"start":{"line":248,"column":27},"end":{"line":248,"column":52}}},"35":{"name":"(anonymous_35)","line":249,"loc":{"start":{"line":249,"column":18},"end":{"line":249,"column":34}}},"36":{"name":"(anonymous_36)","line":259,"loc":{"start":{"line":259,"column":30},"end":{"line":259,"column":55}}},"37":{"name":"(anonymous_37)","line":260,"loc":{"start":{"line":260,"column":18},"end":{"line":260,"column":35}}},"38":{"name":"(anonymous_38)","line":271,"loc":{"start":{"line":271,"column":25},"end":{"line":271,"column":51}}},"39":{"name":"(anonymous_39)","line":276,"loc":{"start":{"line":276,"column":18},"end":{"line":276,"column":43}}},"40":{"name":"(anonymous_40)","line":291,"loc":{"start":{"line":291,"column":28},"end":{"line":291,"column":47}}},"41":{"name":"(anonymous_41)","line":292,"loc":{"start":{"line":292,"column":18},"end":{"line":292,"column":35}}},"42":{"name":"(anonymous_42)","line":302,"loc":{"start":{"line":302,"column":54},"end":{"line":302,"column":73}}},"43":{"name":"(anonymous_43)","line":303,"loc":{"start":{"line":303,"column":18},"end":{"line":303,"column":35}}},"44":{"name":"(anonymous_44)","line":313,"loc":{"start":{"line":313,"column":26},"end":{"line":313,"column":45}}},"45":{"name":"(anonymous_45)","line":314,"loc":{"start":{"line":314,"column":18},"end":{"line":314,"column":35}}},"46":{"name":"(anonymous_46)","line":322,"loc":{"start":{"line":322,"column":27},"end":{"line":322,"column":46}}},"47":{"name":"(anonymous_47)","line":323,"loc":{"start":{"line":323,"column":18},"end":{"line":323,"column":35}}},"48":{"name":"(anonymous_48)","l
[...]
6,"column":33},"end":{"line":306,"column":54}}]},"50":{"line":315,"type":"if","locations":[{"start":{"line":315,"column":4},"end":{"line":315,"column":4}},{"start":{"line":315,"column":4},"end":{"line":315,"column":4}}]},"51":{"line":315,"type":"binary-expr","locations":[{"start":{"line":315,"column":8},"end":{"line":315,"column":32}},{"start":{"line":315,"column":36},"end":{"line":315,"column":108}}]},"52":{"line":316,"type":"binary-expr","locations":[{"start":{"line":316,"column":22},"end":{"line":316,"column":29}},{"start":{"line":316,"column":33},"end":{"line":316,"column":61}}]},"53":{"line":324,"type":"if","locations":[{"start":{"line":324,"column":4},"end":{"line":324,"column":4}},{"start":{"line":324,"column":4},"end":{"line":324,"column":4}}]},"54":{"line":325,"type":"binary-expr","locations":[{"start":{"line":325,"column":22},"end":{"line":325,"column":29}},{"start":{"line":325,"column":33},"end":{"line":325,"column":53}}]},"55":{"line":339,"type":"if","locations":[{"start":{"line":339,"column":2},"end":{"line":339,"column":2}},{"start":{"line":339,"column":2},"end":{"line":339,"column":2}}]},"56":{"line":340,"type":"if","locations":[{"start":{"line":340,"column":4},"end":{"line":340,"column":4}},{"start":{"line":340,"column":4},"end":{"line":340,"column":4}}]},"57":{"line":340,"type":"binary-expr","locations":[{"start":{"line":340,"column":8},"end":{"line":340,"column":34}},{"start":{"line":340,"column":38},"end":{"line":340,"column":66}}]},"58":{"line":347,"type":"if","locations":[{"start":{"line":347,"column":9},"end":{"line":347,"column":9}},{"start":{"line":347,"column":9},"end":{"line":347,"column":9}}]},"59":{"line":348,"type":"if","locations":[{"start":{"line":348,"column":4},"end":{"line":348,"column":4}},{"start":{"line":348,"column":4},"end":{"line":348,"column":4}}]},"60":{"line":348,"type":"binary-expr","locations":[{"start":{"line":348,"column":8},"end":{"line":348,"column":29}},{"start":{"line":348,"column":33},"end":{"line":348,"column":62}}]},"61":{"line":357,"type":"if","locations":[{"start":{"line":357,"column":4},"end":{"line":357,"column":4}},{"start":{"line":357,"column":4},"end":{"line":357,"column":4}}]},"62":{"line":358,"type":"binary-expr","locations":[{"start":{"line":358,"column":22},"end":{"line":358,"column":29}},{"start":{"line":358,"column":33},"end":{"line":358,"column":60}}]},"63":{"line":372,"type":"if","locations":[{"start":{"line":372,"column":2},"end":{"line":372,"column":2}},{"start":{"line":372,"column":2},"end":{"line":372,"column":2}}]},"64":{"line":373,"type":"if","locations":[{"start":{"line":373,"column":4},"end":{"line":373,"column":4}},{"start":{"line":373,"column":4},"end":{"line":373,"column":4}}]},"65":{"line":373,"type":"binary-expr","locations":[{"start":{"line":373,"column":8},"end":{"line":373,"column":34}},{"start":{"line":373,"column":38},"end":{"line":373,"column":66}}]},"66":{"line":380,"type":"if","locations":[{"start":{"line":380,"column":9},"end":{"line":380,"column":9}},{"start":{"line":380,"column":9},"end":{"line":380,"column":9}}]},"67":{"line":381,"type":"if","locations":[{"start":{"line":381,"column":4},"end":{"line":381,"column":4}},{"start":{"line":381,"column":4},"end":{"line":381,"column":4}}]},"68":{"line":381,"type":"binary-expr","locations":[{"start":{"line":381,"column":8},"end":{"line":381,"column":29}},{"start":{"line":381,"column":33},"end":{"line":381,"column":62}}]},"69":{"line":390,"type":"if","locations":[{"start":{"line":390,"column":4},"end":{"line":390,"column":4}},{"start":{"line":390,"column":4},"end":{"line":390,"column":4}}]},"70":{"line":391,"type":"binary-expr","locations":[{"start":{"line":391,"column":22},"end":{"line":391,"column":29}},{"start":{"line":391,"column":33},"end":{"line":391,"column":60}}]},"71":{"line":400,"type":"if","locations":[{"start":{"line":400,"column":4},"end":{"line":400,"column":4}},{"start":{"line":400,"column":4},"end":{"line":400,"column":4}}]},"72":{"line":400,"type":"binary-expr","locations":[{"start":{"line":400,"column":8},"end":{"line":400,"column":30}},{"start":{"line":400,"column":34},"end":{"line":400,"column":59}}]},"73":{"line":401,"type":"binary-expr","locations":[{"start":{"line":401,"column":22},"end":{"line":401,"column":29}},{"start":{"line":401,"column":33},"end":{"line":401,"column":49}}]},"74":{"line":409,"type":"if","locations":[{"start":{"line":409,"column":4},"end":{"line":409,"column":4}},{"start":{"line":409,"column":4},"end":{"line":409,"column":4}}]},"75":{"line":410,"type":"binary-expr","locations":[{"start":{"line":410,"column":22},"end":{"line":410,"column":29}},{"start":{"line":410,"column":33},"end":{"line":410,"column":50}}]},"76":{"line":418,"type":"if","locations":[{"start":{"line":418,"column":4},"end":{"line":418,"column":4}},{"start":{"line":418,"column":4},"end":{"line":418,"column":4}}]},"77":{"line":419,"type":"binary-expr","locations":[{"start":{"line":419,"column":22},"end":{"line":419,"column":29}},{"start":{"line":419,"column":33},"end":{"line":419,"column":49}}]},"78":{"line":430,"type":"binary-expr","locations":[{"start":{"line":430,"column":22},"end":{"line":430,"column":29}},{"start":{"line":430,"column":33},"end":{"line":430,"column":42}},{"start":{"line":430,"column":46},"end":{"line":430,"column":61}}]}},"code":["var validator = require(\"validator\")","  , FilterPrototype = validator.Filter.prototype","  , ValidatorPrototype = validator.Validator.prototype","  , externalFilter = new validator.Filter()","  , externalValidator = new validator.Validator()","  , object = require(\"object-additions\").object","  , async = require(\"async\")","  , utils = require(\"./utils\");","","function Field(property, label) {","  var stack = []","    , isArray = false","    , fieldLabel = label || property;","","  this.name = property;","  this.__required = false;","  this.__trimmed = false;","","  this.add = function(func) {","    stack.push(func);","    return this;","  };","","  this.array = function() {","    isArray = true;","    return this;","  };","","  this.run = function (source, form, options, cb) {","    var self = this","      , errors = []","      , value = utils.getProp(property, form) || utils.getProp(property, source);","","    if (options.autoTrim && !self.__trimmed) {","      self.__trimmed = true;","      stack.unshift(function (value) {","        if (object.isString(value)) {","          return FilterPrototype.trim.apply(externalFilter.sanitize(value));","        }","        return value;","      });","    }","","    function runStack(foo, cb) {","","      async.eachSeries(stack, function(proc, cb) {","","        if (proc.length == 3) {","          // run the async validator/filter","          return proc(foo, source, function(err, result) {","            if (err) {","              errors.push(err.message.replace(\"%s\", fieldLabel));","              return cb(null);","            }","","            // filters return values","            if (result != null) {","              foo = result","            }","","            cb(null);","","          });","        }","","        // run the sync validator/filter","        var result = proc(foo, source);","        if (result.valid) return cb(null);","        if (result.error) {","          // If this field is not required and it doesn't have a value, ignore error.","          if (!utils.hasValue(value) && !self.__required) return cb(null);","","          errors.push(result.error.replace(\"%s\", fieldLabel));","          return cb(null);","        }","        foo = result;","        cb(null);","","      }, function(err) {","        cb(null, foo);","      });","    }","","    if (isArray) {","      if (!utils.hasValue(value)) value = [];","      if (!Array.isArray(value)) value = [value];","      async.mapSeries(value, runStack, function(err, value) {","        utils.setProp(property, form, value);","        cb(null, errors);","      });","","","    } else {","      if (Array.isArray(value)) value = value[0];","      runStack(value, function(err, value) {","        utils.setProp(property, form, value);","        cb(null, errors);","      });","    }","  };","}","","// ARRAY METHODS","","Field.prototype.array = function () {","  return this.array();","};","","Field.prototype.arrLength = function (from, to) {","  return this.add(function (arr) {","    if (value.length < from) {","      return { error: message || e.message || \"%s is too short\" };","    }","    if (value.length > to) {","      return { error: message || e.message || \"%s is too long\" };","    }","    return { valid: true };","  });","}","","// HYBRID METHODS","","Field.prototype.custom = function(func, message) {","","  // custom function is async","  if (func.length == 3) {","    return this.add(function(value, source, cb) {","      func(value, source, function(err, result) {","        if (err) return cb(new Error(message || err.message || \"%s is invalid\"));","","        // functions that return values are filters","        if (result != null) return cb(null, result);","","        // value passed validator","        cb(null, null);","      });","    });","  }","","  // custom function is sync","  return this.add(function (value, source) {","","    try {","      var result = func(value, source);","    } catch (e) {","      return { error: message || e.message || \"%s is invalid\" };","    }","    // Functions that return values are filters.","    if (result != null) return result;","","    // value passed validator","    return { valid: true };","","  });","};","","// FILTER METHODS","","Object.keys(FilterPrototype).forEach(function (name) {","  if (name.match(/^ifNull$/)) return;","","  Field.prototype[name] = function () {","    var args = arguments;","    return this.add(function (value) {","      var a = FilterPrototype[name].apply(externalFilter.sanitize(value), args);","      return a;","    });","  };","});","","Field.prototype.ifNull = function (replacement) {","  return this.add(function (value) {","    if (object.isUndefined(value) || null === value || '' === value) {","      return replacement;","    }","    return value;","  });","};","","Field.prototype.toUpper = Field.prototype.toUpperCase = function () {","  return this.add(function (value) {","    return value.toString().toUpperCase();","  });","};","","Field.prototype.toLower = Field.prototype.toLowerCase = function () {","  return this.add(function (value) {","    return value.toString().toLowerCase();","  });","};","","Field.prototype.truncate = function (length) {","  return this.add(function (value) {","    value = value.toString();","    if (value.length <= length) {","      return value;","    }","","    if (length <= 3) return \"...\";","","    if (value.length > length - 3) {","      return value.substr(0,length - 3) + \"...\";","    }","","    return value;","  });","};","","Field.prototype.customFilter = function (func) {","  return this.add(func);","};","","// VALIDATE METHODS","","var MESSAGES = {","  isDate: \"%s is not a date\",","  isUrl: \"%s is not a URL\",","  isIP: \"%s is not an IP address\",","  isAlpha: \"%s contains non-letter characters\",","  isAlphanumeric: \"%s contains non alpha-numeric characters\",","  isNumeric: \"%s is not numeric\",","  isLowercase: \"%s contains uppercase letters\",","  isUppercase: \"%s contains lowercase letters\",","  isInt: \"%s is not an integer\",","  notEmpty: \"%s has no value or is only whitespace\"","};","","Object.keys(ValidatorPrototype).forEach(function (name) {","  if (name.match(/^(contains|notContains|equals|check|validate|assert|error|len|isNumeric|isDecimal|isEmail|isFloat|regex|notRegex|is|not|notNull|isNull)$/)) {","    return;","  }","","  Field.prototype[name] = function (message) {","    var args = arguments;","    message = message || MESSAGES[name];","","    return this.add(function(value) {","      try {","        ValidatorPrototype[name].apply(externalValidator.check(value, message), args);","      } catch (e) {","        return { error: e.message || e.toString() };","      }","      return { valid: true };","    });","  };","});","","Field.prototype.contains = function (test, message) {","  return this.add(function(value) {","    try {","      ValidatorPrototype.contains.call(externalValidator.check(value, message), test);","    } catch (e) {","      return { error: message || \"%s does not contain required characters\" };","    }","    return { valid: true };","  });","};","","Field.prototype.notContains = function (test, message) {","  return this.add(function (value) {","    try {","      ValidatorPrototype.notContains.call(externalValidator.check(value, message), test);","    } catch (e) {","      return { error: message || \"%s contains invalid characters\" };","    }","    return { valid: true };","  });","};","","","Field.prototype.equals = function (other, message) {","  if (object.isString(other) && other.match(/^field::/)) {","    this.__required = true;","  }","","  return this.add(function (value, source) {","    // If other is a field token (field::fieldname), grab the value of fieldname","    // and use that as the OTHER value.","    var test = other;","    if (object.isString(other) && other.match(/^field::/)) {","      test = utils.getProp(other.replace(/^field::/, \"\"), source);","    }","    if (value != test) {","      return { error: message || \"%s does not equal \" + String(test) };","    }","    return { valid: true };","  });","};","","// node-validator's numeric validator seems unintuitive. All numeric values should be valid, not just int.","Field.prototype.isNumeric = function (message) {","  return this.add(function (value) {","    if (object.isNumber(value) || (object.isString(value) && value.match(/^[-+]?[0-9]*\\.?[0-9]+$/))) {","    } else {","      return { error: message || \"%s is not a number\" };","    }","    return { valid: true };","  });","};","","// node-validator's decimal/float validator incorrectly thinks Ints are valid.","Field.prototype.isFloat = Field.prototype.isDecimal = function (message) {","  return this.add(function (value) {","    if ((object.isNumber(value) && value % 1 == 0) || (object.isString(value) && value.match(/^[-+]?[0-9]*\\.[0-9]+$/))) {","    } else {","      return { error: message || \"%s is not a decimal\" };","    }","    return { valid: true };","  });","};","","// super simple email validation","Field.prototype.isEmail = function (message) {","  return this.add(function (value) {","    if (typeof value != 'string' || !(/^[\\-0-9a-zA-Z\\.\\+_]+@[\\-0-9a-zA-Z\\.\\+_]+\\.[a-zA-Z]{2,}$/).test(value)) {","      return { error: message || \"%s is not an email address\" };","    }","    return { valid: true };","  });","};","","Field.prototype.isString = function (message) {","  return this.add(function (value) {","    if (!object.isString(value)) {","      return { error: message || \"%s is not a string\" };","    }","    return { valid: true };","  });","};","","Field.prototype.regex = Field.prototype.is = function (pattern, modifiers, message) {","  // regex(/pattern/)","  // regex(/pattern/, \"message\")","  // regex(\"pattern\")","  // regex(\"pattern\", \"modifiers\")","  // regex(\"pattern\", \"message\")","  // regex(\"pattern\", \"modifiers\", \"message\")","","  if (pattern instanceof RegExp) {","    if (object.isString(modifiers) && modifiers.match(/^[gimy]+$/)) {","      throw new Error(\"Invalid arguments: `modifiers` can only be passed in if `pattern` is a string.\");","    }","","    message = modifiers;","    modifiers = undefined;","","  } else if (object.isString(pattern)) {","    if (arguments.length == 2 && !modifiers.match(/^[gimy]+$/)) {","      // 2nd arg doesn't look like modifier flags, it's the message (might also be undefined)","      message = modifiers;","      modifiers = undefined;","    }","    pattern = new RegExp(pattern, modifiers);","  }","","  return this.add(function (value) {","    if (pattern.test(value) === false) {","      return { error: message || \"%s has invalid characters\" };","    }","    return { valid: true };","  });","};","","Field.prototype.notRegex = Field.prototype.not = function(pattern, modifiers, message) {","  // notRegex(/pattern/)","  // notRegex(/pattern/, \"message\")","  // notRegex(\"pattern\")","  // notRegex(\"pattern\", \"modifiers\")","  // notRegex(\"pattern\", \"message\")","  // notRegex(\"pattern\", \"modifiers\", \"message\")","","  if (pattern instanceof RegExp) {","    if (object.isString(modifiers) && modifiers.match(/^[gimy]+$/)) {","      throw new Error(\"Invalid arguments: `modifiers` can only be passed in if `pattern` is a string.\");","    }","","    message = modifiers;","    modifiers = undefined;","","  } else if (object.isString(pattern)) {","    if (arguments.length == 2 && !modifiers.match(/^[gimy]+$/)) {","      // 2nd arg doesn't look like modifier flags, it's the message (might also be undefined)","      message = modifiers;","      modifiers = undefined;","    }","    pattern = new RegExp(pattern, modifiers);","  }","","  return this.add(function(value) {","    if (pattern.test(value) === true) {","      return { error: message || \"%s has invalid characters\" };","    }","    return { valid: true };","  });","};","","Field.prototype.required = function (placeholderValue, message) {","  this.__required = true;","  return this.add(function (value) {","    if (!utils.hasValue(value) || value == placeholderValue) {","      return { error: message || \"%s is required\" };","    }","    return { valid: true };","  });","};","","Field.prototype.minLength = function (length, message) {","  return this.add(function(value) {","    if (value.toString().length < length) {","      return { error: message || \"%s is too short\" };","    }","    return { valid: true };","  });","};","","Field.prototype.maxLength = function (length, message) {","  return this.add(function(value) {","    if (value.toString().length > length) {","      return { error: message || \"%s is too long\" };","    }","    return { valid: true };","  });","};","","Field.prototype.customValidator = function(func, message) {","  return this.add(function(value, source) {","    try {","      func(value, source);","    } catch (e) {","      return { error: message || e.message || \"%s is invalid\" };","    }","    return { valid: true };","  });","};","","module.exports = Field;",""],"l":{"1":1,"10":1,"11":0,"15":0,"16":0,"17":0,"19":0,"20":0,"21":0,"24":0,"25":0,"26":0,"29":0,"30":0,"34":0,"35":0,"36":0,"37":0,"38":0,"40":0,"44":1,"46":0,"48":0,"50":0,"51":0,"52":0,"53":0,"57":0,"58":0,"61":0,"67":0,"68":0,"69":0,"71":0,"73":0,"74":0,"76":0,"77":0,"80":0,"84":0,"85":0,"86":0,"87":0,"88":0,"89":0,"94":0,"95":0,"96":0,"97":0,"105":1,"106":0,"109":1,"110":0,"111":0,"112":0,"114":0,"115":0,"117":0,"123":1,"126":0,"127":0,"128":0,"129":0,"132":0,"135":0,"141":0,"143":0,"144":0,"146":0,"149":0,"152":0,"159":1,"160":17,"162":16,"163":0,"164":0,"165":0,"166":0,"171":1,"172":0,"173":0,"174":0,"176":0,"180":1,"181":0,"182":0,"186":1,"187":0,"188":0,"192":1,"193":0,"194":0,"195":0,"196":0,"199":0,"201":0,"202":0,"205":0,"209":1,"210":0,"215":1,"228":1,"229":43,"230":18,"233":25,"234":0,"235":0,"237":0,"238":0,"239":0,"241":0,"243":0,"248":1,"249":0,"250":0,"251":0,"253":0,"255":0,"259":1,"260":0,"261":0,"262":0,"264":0,"266":0,"271":1,"272":0,"273":0,"276":0,"279":0,"280":0,"281":0,"283":0,"284":0,"286":0,"291":1,"292":0,"293":0,"295":0,"297":0,"302":1,"303":0,"304":0,"306":0,"308":0,"313":1,"314":0,"315":0,"316":0,"318":0,"322":1,"323":0,"324":0,"325":0,"327":0,"331":1,"339":0,"340":0,"341":0,"344":0,"345":0,"347":0,"348":0,"350":0,"351":0,"353":0,"356":0,"357":0,"358":0,"360":0,"364":1,"372":0,"373":0,"374":0,"377":0,"378":0,"380":0,"381":0,"383":0,"384":0,"386":0,"389":0,"390":0,"391":0,"393":0,"397":1,"398":0,"399":0,"400":0,"401":0,"403":0,"407":1,"408":0,"409":0,"410":0,"412":0,"416":1,"417":0,"418":0,"419":0,"421":0,"425":1,"426":0,"427":0,"428":0,"430":0,"432":0,"436":1}}}